[ 2015-05-06T11:21:14+08:00 ] 127.0.0.1 /test/ohana-php/
INFO: [ app_init ] --START--
INFO: Run Behavior\BuildLiteBehavior [ RunTime:0.000053s ]
INFO: [ app_init ] --END-- [ RunTime:0.001964s ]
INFO: [ app_begin ] --START--
INFO: Run Behavior\ReadHtmlCacheBehavior [ RunTime:0.003468s ]
INFO: [ app_begin ] --END-- [ RunTime:0.003632s ]
SQL: SHOW COLUMNS FROM `ohana_category` [ RunTime:0.002826s ]
SQL: SELECT * FROM `ohana_category` ORDER BY  cre_time desc  [ RunTime:0.000969s ]
SQL: SHOW COLUMNS FROM `ohana_article` [ RunTime:0.002934s ]
SQL: SELECT * FROM `ohana_article` ORDER BY post_time DESC LIMIT 6   [ RunTime:0.001008s ]
INFO: [ view_parse ] --START--
INFO: [ template_filter ] --START--
INFO: Run Behavior\ContentReplaceBehavior [ RunTime:0.000166s ]
INFO: [ template_filter ] --END-- [ RunTime:0.000288s ]
NOTIC: [8] Undefined index: children: G:\code\Test\ohana-php\Application\Runtime\Cache\Home\2a94b8bda04ff446dcedd42276fc99ee.php 第 110 行.
NOTIC: [8] Undefined index: children: G:\code\Test\ohana-php\Application\Runtime\Cache\Home\2a94b8bda04ff446dcedd42276fc99ee.php 第 110 行.
NOTIC: [8] Undefined index: children: G:\code\Test\ohana-php\Application\Runtime\Cache\Home\2a94b8bda04ff446dcedd42276fc99ee.php 第 110 行.
NOTIC: [8] Undefined index: children: G:\code\Test\ohana-php\Application\Runtime\Cache\Home\2a94b8bda04ff446dcedd42276fc99ee.php 第 108 行.
NOTIC: [8] Undefined index: children: G:\code\Test\ohana-php\Application\Runtime\Cache\Home\2a94b8bda04ff446dcedd42276fc99ee.php 第 110 行.
NOTIC: [8] Undefined index: children: G:\code\Test\ohana-php\Application\Runtime\Cache\Home\2a94b8bda04ff446dcedd42276fc99ee.php 第 110 行.
NOTIC: [8] Undefined index: children: G:\code\Test\ohana-php\Application\Runtime\Cache\Home\2a94b8bda04ff446dcedd42276fc99ee.php 第 110 行.
INFO: Run Behavior\ParseTemplateBehavior [ RunTime:0.094623s ]
INFO: [ view_parse ] --END-- [ RunTime:0.094796s ]
INFO: [ view_filter ] --START--
INFO: Run Behavior\WriteHtmlCacheBehavior [ RunTime:0.010805s ]
INFO: [ view_filter ] --END-- [ RunTime:0.010915s ]
INFO: [ app_end ] --START--
INFO: Run Behavior\ShowPageTraceBehavior [ RunTime:0.012334s ]
INFO: [ app_end ] --END-- [ RunTime:0.012449s ]

[ 2015-05-06T11:21:18+08:00 ] 127.0.0.1 /test/ohana-php/index.php/Home/articleList/articleList/id/49
INFO: [ app_init ] --START--
INFO: Run Behavior\BuildLiteBehavior [ RunTime:0.000017s ]
INFO: [ app_init ] --END-- [ RunTime:0.000540s ]
INFO: [ app_begin ] --START--
INFO: Run Behavior\ReadHtmlCacheBehavior [ RunTime:0.000842s ]
INFO: [ app_begin ] --END-- [ RunTime:0.000905s ]
SQL: SHOW COLUMNS FROM `ohana_category` [ RunTime:0.002126s ]
SQL: SELECT * FROM `ohana_category` ORDER BY  cre_time desc  [ RunTime:0.000520s ]
SQL: SHOW COLUMNS FROM `ohana_article` [ RunTime:0.001839s ]
SQL: SELECT * FROM `ohana_article` ORDER BY post_time DESC LIMIT 6   [ RunTime:0.000787s ]
SQL: SELECT * FROM `ohana_category` WHERE `id` = 49 LIMIT 1   [ RunTime:0.000362s ]
SQL: SHOW COLUMNS FROM `ohana_article` [ RunTime:0.002650s ]
SQL: SELECT * FROM `ohana_article` WHERE `cid` = 49 ORDER BY post_time DESC LIMIT 0,2   [ RunTime:0.000420s ]
SQL: SELECT count(id) as total_count FROM `ohana_article` WHERE `cid` = 49 LIMIT 1   [ RunTime:0.000218s ]
INFO: [ view_parse ] --START--
INFO: [ template_filter ] --START--
INFO: Run Behavior\ContentReplaceBehavior [ RunTime:0.000091s ]
INFO: [ template_filter ] --END-- [ RunTime:0.000141s ]
NOTIC: [8] Undefined index: children: G:\code\Test\ohana-php\Application\Runtime\Cache\Home\d041485e0c3fbe088c11fb44aeb3c4e1.php 第 84 行.
NOTIC: [8] Undefined index: children: G:\code\Test\ohana-php\Application\Runtime\Cache\Home\d041485e0c3fbe088c11fb44aeb3c4e1.php 第 84 行.
NOTIC: [8] Undefined index: children: G:\code\Test\ohana-php\Application\Runtime\Cache\Home\d041485e0c3fbe088c11fb44aeb3c4e1.php 第 84 行.
NOTIC: [8] Undefined index: children: G:\code\Test\ohana-php\Application\Runtime\Cache\Home\d041485e0c3fbe088c11fb44aeb3c4e1.php 第 82 行.
NOTIC: [8] Undefined index: children: G:\code\Test\ohana-php\Application\Runtime\Cache\Home\d041485e0c3fbe088c11fb44aeb3c4e1.php 第 84 行.
NOTIC: [8] Undefined index: children: G:\code\Test\ohana-php\Application\Runtime\Cache\Home\d041485e0c3fbe088c11fb44aeb3c4e1.php 第 84 行.
NOTIC: [8] Undefined index: children: G:\code\Test\ohana-php\Application\Runtime\Cache\Home\d041485e0c3fbe088c11fb44aeb3c4e1.php 第 84 行.
INFO: Run Behavior\ParseTemplateBehavior [ RunTime:0.028083s ]
INFO: [ view_parse ] --END-- [ RunTime:0.028160s ]
INFO: [ view_filter ] --START--
INFO: Run Behavior\WriteHtmlCacheBehavior [ RunTime:0.000523s ]
INFO: [ view_filter ] --END-- [ RunTime:0.000565s ]
INFO: [ app_end ] --START--
INFO: Run Behavior\ShowPageTraceBehavior [ RunTime:0.000886s ]
INFO: [ app_end ] --END-- [ RunTime:0.000944s ]

[ 2015-05-06T11:21:19+08:00 ] 127.0.0.1 /test/ohana-php/index.php/Home/articleList/articleList/id/custom_menu.xml
INFO: [ app_init ] --START--
INFO: Run Behavior\BuildLiteBehavior [ RunTime:0.000015s ]
INFO: [ app_init ] --END-- [ RunTime:0.000412s ]
INFO: [ app_begin ] --START--
INFO: Run Behavior\ReadHtmlCacheBehavior [ RunTime:0.000636s ]
INFO: [ app_begin ] --END-- [ RunTime:0.000686s ]
SQL: SHOW COLUMNS FROM `ohana_category` [ RunTime:0.001799s ]
SQL: SELECT * FROM `ohana_category` ORDER BY  cre_time desc  [ RunTime:0.000530s ]
SQL: SHOW COLUMNS FROM `ohana_article` [ RunTime:0.001779s ]
SQL: SELECT * FROM `ohana_article` ORDER BY post_time DESC LIMIT 6   [ RunTime:0.000560s ]
SQL: SELECT * FROM `ohana_category` WHERE `id` = 0 LIMIT 1   [ RunTime:0.000280s ]
SQL: SHOW COLUMNS FROM `ohana_article` [ RunTime:0.001748s ]
SQL: SELECT * FROM `ohana_article` WHERE `cid` = 0 ORDER BY post_time DESC LIMIT 0,2   [ RunTime:0.000629s ]
SQL: SELECT count(id) as total_count FROM `ohana_article` WHERE `cid` = 0 LIMIT 1   [ RunTime:0.000255s ]
INFO: [ view_parse ] --START--
INFO: [ template_filter ] --START--
INFO: Run Behavior\ContentReplaceBehavior [ RunTime:0.000066s ]
INFO: [ template_filter ] --END-- [ RunTime:0.000113s ]
NOTIC: [8] Undefined index: children: G:\code\Test\ohana-php\Application\Runtime\Cache\Home\d041485e0c3fbe088c11fb44aeb3c4e1.php 第 84 行.
NOTIC: [8] Undefined index: children: G:\code\Test\ohana-php\Application\Runtime\Cache\Home\d041485e0c3fbe088c11fb44aeb3c4e1.php 第 84 行.
NOTIC: [8] Undefined index: children: G:\code\Test\ohana-php\Application\Runtime\Cache\Home\d041485e0c3fbe088c11fb44aeb3c4e1.php 第 84 行.
NOTIC: [8] Undefined index: children: G:\code\Test\ohana-php\Application\Runtime\Cache\Home\d041485e0c3fbe088c11fb44aeb3c4e1.php 第 82 行.
NOTIC: [8] Undefined index: children: G:\code\Test\ohana-php\Application\Runtime\Cache\Home\d041485e0c3fbe088c11fb44aeb3c4e1.php 第 84 行.
NOTIC: [8] Undefined index: children: G:\code\Test\ohana-php\Application\Runtime\Cache\Home\d041485e0c3fbe088c11fb44aeb3c4e1.php 第 84 行.
NOTIC: [8] Undefined index: children: G:\code\Test\ohana-php\Application\Runtime\Cache\Home\d041485e0c3fbe088c11fb44aeb3c4e1.php 第 84 行.
INFO: Run Behavior\ParseTemplateBehavior [ RunTime:0.013544s ]
INFO: [ view_parse ] --END-- [ RunTime:0.013589s ]
INFO: [ view_filter ] --START--
INFO: Run Behavior\WriteHtmlCacheBehavior [ RunTime:0.000357s ]
INFO: [ view_filter ] --END-- [ RunTime:0.000391s ]
INFO: [ app_end ] --START--
INFO: Run Behavior\ShowPageTraceBehavior [ RunTime:0.000635s ]
INFO: [ app_end ] --END-- [ RunTime:0.000681s ]

[ 2015-05-06T11:23:59+08:00 ] 127.0.0.1 /test/ohana-php/index.php/Home/article/article/id/24
INFO: [ app_init ] --START--
INFO: Run Behavior\BuildLiteBehavior [ RunTime:0.000021s ]
INFO: [ app_init ] --END-- [ RunTime:0.000663s ]
INFO: [ app_begin ] --START--
INFO: Run Behavior\ReadHtmlCacheBehavior [ RunTime:0.001876s ]
INFO: [ app_begin ] --END-- [ RunTime:0.002036s ]
SQL: SHOW COLUMNS FROM `ohana_category` [ RunTime:0.002946s ]
SQL: SELECT * FROM `ohana_category` ORDER BY  cre_time desc  [ RunTime:0.000923s ]
SQL: SHOW COLUMNS FROM `ohana_article` [ RunTime:0.004981s ]
SQL: SELECT * FROM `ohana_article` ORDER BY post_time DESC LIMIT 6   [ RunTime:0.000992s ]
SQL: SELECT * FROM `ohana_article` WHERE `id` = 24  [ RunTime:0.000402s ]
INFO: [ view_parse ] --START--
INFO: [ template_filter ] --START--
INFO: Run Behavior\ContentReplaceBehavior [ RunTime:0.000142s ]
INFO: [ template_filter ] --END-- [ RunTime:0.000230s ]
NOTIC: [8] Undefined index: children: G:\code\Test\ohana-php\Application\Runtime\Cache\Home\37d23b8de8b1006eeb4dee5f594561fd.php 第 76 行.
NOTIC: [8] Undefined index: children: G:\code\Test\ohana-php\Application\Runtime\Cache\Home\37d23b8de8b1006eeb4dee5f594561fd.php 第 76 行.
NOTIC: [8] Undefined index: children: G:\code\Test\ohana-php\Application\Runtime\Cache\Home\37d23b8de8b1006eeb4dee5f594561fd.php 第 76 行.
NOTIC: [8] Undefined index: children: G:\code\Test\ohana-php\Application\Runtime\Cache\Home\37d23b8de8b1006eeb4dee5f594561fd.php 第 74 行.
NOTIC: [8] Undefined index: children: G:\code\Test\ohana-php\Application\Runtime\Cache\Home\37d23b8de8b1006eeb4dee5f594561fd.php 第 76 行.
NOTIC: [8] Undefined index: children: G:\code\Test\ohana-php\Application\Runtime\Cache\Home\37d23b8de8b1006eeb4dee5f594561fd.php 第 76 行.
NOTIC: [8] Undefined index: children: G:\code\Test\ohana-php\Application\Runtime\Cache\Home\37d23b8de8b1006eeb4dee5f594561fd.php 第 76 行.
INFO: Run Behavior\ParseTemplateBehavior [ RunTime:0.035927s ]
INFO: [ view_parse ] --END-- [ RunTime:0.036007s ]
INFO: [ view_filter ] --START--
INFO: Run Behavior\WriteHtmlCacheBehavior [ RunTime:0.000493s ]
INFO: [ view_filter ] --END-- [ RunTime:0.000529s ]
INFO: [ app_end ] --START--
INFO: Run Behavior\ShowPageTraceBehavior [ RunTime:0.000742s ]
INFO: [ app_end ] --END-- [ RunTime:0.000779s ]

[ 2015-05-06T11:23:59+08:00 ] 127.0.0.1 /test/ohana-php/index.php/Home/article/article/id/custom_menu.xml
INFO: [ app_init ] --START--
INFO: Run Behavior\BuildLiteBehavior [ RunTime:0.000019s ]
INFO: [ app_init ] --END-- [ RunTime:0.000535s ]
INFO: [ app_begin ] --START--
INFO: Run Behavior\ReadHtmlCacheBehavior [ RunTime:0.000797s ]
INFO: [ app_begin ] --END-- [ RunTime:0.000847s ]
SQL: SHOW COLUMNS FROM `ohana_category` [ RunTime:0.001969s ]
SQL: SELECT * FROM `ohana_category` ORDER BY  cre_time desc  [ RunTime:0.000625s ]
SQL: SHOW COLUMNS FROM `ohana_article` [ RunTime:0.002114s ]
SQL: SELECT * FROM `ohana_article` ORDER BY post_time DESC LIMIT 6   [ RunTime:0.000517s ]
SQL: SELECT * FROM `ohana_article` WHERE `id` = 0  [ RunTime:0.000314s ]
INFO: [ view_parse ] --START--
INFO: [ template_filter ] --START--
INFO: Run Behavior\ContentReplaceBehavior [ RunTime:0.000095s ]
INFO: [ template_filter ] --END-- [ RunTime:0.000177s ]
NOTIC: [8] Undefined index: children: G:\code\Test\ohana-php\Application\Runtime\Cache\Home\37d23b8de8b1006eeb4dee5f594561fd.php 第 76 行.
NOTIC: [8] Undefined index: children: G:\code\Test\ohana-php\Application\Runtime\Cache\Home\37d23b8de8b1006eeb4dee5f594561fd.php 第 76 行.
NOTIC: [8] Undefined index: children: G:\code\Test\ohana-php\Application\Runtime\Cache\Home\37d23b8de8b1006eeb4dee5f594561fd.php 第 76 行.
NOTIC: [8] Undefined index: children: G:\code\Test\ohana-php\Application\Runtime\Cache\Home\37d23b8de8b1006eeb4dee5f594561fd.php 第 74 行.
NOTIC: [8] Undefined index: children: G:\code\Test\ohana-php\Application\Runtime\Cache\Home\37d23b8de8b1006eeb4dee5f594561fd.php 第 76 行.
NOTIC: [8] Undefined index: children: G:\code\Test\ohana-php\Application\Runtime\Cache\Home\37d23b8de8b1006eeb4dee5f594561fd.php 第 76 行.
NOTIC: [8] Undefined index: children: G:\code\Test\ohana-php\Application\Runtime\Cache\Home\37d23b8de8b1006eeb4dee5f594561fd.php 第 76 行.
INFO: Run Behavior\ParseTemplateBehavior [ RunTime:0.015741s ]
INFO: [ view_parse ] --END-- [ RunTime:0.015794s ]
INFO: [ view_filter ] --START--
INFO: Run Behavior\WriteHtmlCacheBehavior [ RunTime:0.000593s ]
INFO: [ view_filter ] --END-- [ RunTime:0.000638s ]
INFO: [ app_end ] --START--
INFO: Run Behavior\ShowPageTraceBehavior [ RunTime:0.001008s ]
INFO: [ app_end ] --END-- [ RunTime:0.001073s ]

[ 2015-05-06T11:24:05+08:00 ] 127.0.0.1 /test/ohana-php/index.php/Home/articleList/articleList/id/custom_menu.xml
INFO: [ app_init ] --START--
INFO: Run Behavior\BuildLiteBehavior [ RunTime:0.000015s ]
INFO: [ app_init ] --END-- [ RunTime:0.000417s ]
INFO: [ app_begin ] --START--
INFO: Run Behavior\ReadHtmlCacheBehavior [ RunTime:0.000718s ]
INFO: [ app_begin ] --END-- [ RunTime:0.000806s ]
SQL: SHOW COLUMNS FROM `ohana_category` [ RunTime:0.002041s ]
SQL: SELECT * FROM `ohana_category` ORDER BY  cre_time desc  [ RunTime:0.000708s ]
SQL: SHOW COLUMNS FROM `ohana_article` [ RunTime:0.002459s ]
SQL: SELECT * FROM `ohana_article` ORDER BY post_time DESC LIMIT 6   [ RunTime:0.000625s ]
SQL: SELECT * FROM `ohana_category` WHERE `id` = 0 LIMIT 1   [ RunTime:0.000133s ]
SQL: SHOW COLUMNS FROM `ohana_article` [ RunTime:0.001743s ]
SQL: SELECT * FROM `ohana_article` WHERE `cid` = 0 ORDER BY post_time DESC LIMIT 0,2   [ RunTime:0.000455s ]
SQL: SELECT count(id) as total_count FROM `ohana_article` WHERE `cid` = 0 LIMIT 1   [ RunTime:0.000155s ]
INFO: [ view_parse ] --START--
INFO: [ template_filter ] --START--
INFO: Run Behavior\ContentReplaceBehavior [ RunTime:0.000105s ]
INFO: [ template_filter ] --END-- [ RunTime:0.000179s ]
NOTIC: [8] Undefined index: children: G:\code\Test\ohana-php\Application\Runtime\Cache\Home\d041485e0c3fbe088c11fb44aeb3c4e1.php 第 84 行.
NOTIC: [8] Undefined index: children: G:\code\Test\ohana-php\Application\Runtime\Cache\Home\d041485e0c3fbe088c11fb44aeb3c4e1.php 第 84 行.
NOTIC: [8] Undefined index: children: G:\code\Test\ohana-php\Application\Runtime\Cache\Home\d041485e0c3fbe088c11fb44aeb3c4e1.php 第 84 行.
NOTIC: [8] Undefined index: children: G:\code\Test\ohana-php\Application\Runtime\Cache\Home\d041485e0c3fbe088c11fb44aeb3c4e1.php 第 82 行.
NOTIC: [8] Undefined index: children: G:\code\Test\ohana-php\Application\Runtime\Cache\Home\d041485e0c3fbe088c11fb44aeb3c4e1.php 第 84 行.
NOTIC: [8] Undefined index: children: G:\code\Test\ohana-php\Application\Runtime\Cache\Home\d041485e0c3fbe088c11fb44aeb3c4e1.php 第 84 行.
NOTIC: [8] Undefined index: children: G:\code\Test\ohana-php\Application\Runtime\Cache\Home\d041485e0c3fbe088c11fb44aeb3c4e1.php 第 84 行.
INFO: Run Behavior\ParseTemplateBehavior [ RunTime:0.014663s ]
INFO: [ view_parse ] --END-- [ RunTime:0.014708s ]
INFO: [ view_filter ] --START--
INFO: Run Behavior\WriteHtmlCacheBehavior [ RunTime:0.000344s ]
INFO: [ view_filter ] --END-- [ RunTime:0.000379s ]
INFO: [ app_end ] --START--
INFO: Run Behavior\ShowPageTraceBehavior [ RunTime:0.000591s ]
INFO: [ app_end ] --END-- [ RunTime:0.000627s ]

