[ 2016-03-26T23:13:10+08:00 ] 127.0.0.1 /git/ohana-php/
INFO: [ app_init ] --START--
INFO: Run Behavior\BuildLiteBehavior [ RunTime:0.000027s ]
INFO: [ app_init ] --END-- [ RunTime:0.025024s ]
NOTIC: [8] Use of undefined constant URL_ROUTER_ON - assumed 'URL_ROUTER_ON' H:\code\git\ohana-php\Application\Home\Conf\config.php 第 6 行.
NOTIC: [8] Use of undefined constant URL_ROUTE_RULES - assumed 'URL_ROUTE_RULES' H:\code\git\ohana-php\Application\Home\Conf\config.php 第 8 行.
INFO: [ app_begin ] --START--
INFO: Run Behavior\ReadHtmlCacheBehavior [ RunTime:0.001177s ]
INFO: [ app_begin ] --END-- [ RunTime:0.001250s ]
SQL: SHOW COLUMNS FROM `ohana_category` [ RunTime:0.015857s ]
SQL: SELECT * FROM `ohana_category` ORDER BY  cre_time desc  [ RunTime:0.000686s ]
SQL: SHOW COLUMNS FROM `ohana_article` [ RunTime:0.004053s ]
SQL: SELECT * FROM `ohana_article` ORDER BY post_time DESC LIMIT 6   [ RunTime:0.000610s ]
INFO: [ view_parse ] --START--
INFO: [ template_filter ] --START--
INFO: Run Behavior\ContentReplaceBehavior [ RunTime:0.000172s ]
INFO: [ template_filter ] --END-- [ RunTime:0.000301s ]
NOTIC: [8] Undefined index: children: H:\code\git\ohana-php\Application\Runtime\Cache\Home\2a94b8bda04ff446dcedd42276fc99ee.php 第 111 行.
NOTIC: [8] Undefined index: children: H:\code\git\ohana-php\Application\Runtime\Cache\Home\2a94b8bda04ff446dcedd42276fc99ee.php 第 111 行.
NOTIC: [8] Undefined index: children: H:\code\git\ohana-php\Application\Runtime\Cache\Home\2a94b8bda04ff446dcedd42276fc99ee.php 第 111 行.
NOTIC: [8] Undefined index: children: H:\code\git\ohana-php\Application\Runtime\Cache\Home\2a94b8bda04ff446dcedd42276fc99ee.php 第 111 行.
NOTIC: [8] Undefined index: children: H:\code\git\ohana-php\Application\Runtime\Cache\Home\2a94b8bda04ff446dcedd42276fc99ee.php 第 111 行.
NOTIC: [8] Undefined index: children: H:\code\git\ohana-php\Application\Runtime\Cache\Home\2a94b8bda04ff446dcedd42276fc99ee.php 第 111 行.
INFO: Run Behavior\ParseTemplateBehavior [ RunTime:0.048787s ]
INFO: [ view_parse ] --END-- [ RunTime:0.048901s ]
INFO: [ view_filter ] --START--
INFO: Run Behavior\WriteHtmlCacheBehavior [ RunTime:0.015629s ]
INFO: [ view_filter ] --END-- [ RunTime:0.015685s ]
INFO: [ app_end ] --START--
INFO: Run Behavior\ShowPageTraceBehavior [ RunTime:0.009359s ]
INFO: [ app_end ] --END-- [ RunTime:0.009431s ]

[ 2016-03-26T23:13:11+08:00 ] 127.0.0.1 /git/ohana-php/custom_menu.xml
INFO: [ app_init ] --START--
INFO: Run Behavior\BuildLiteBehavior [ RunTime:0.000015s ]
INFO: [ app_init ] --END-- [ RunTime:0.000317s ]
NOTIC: [8] Use of undefined constant URL_ROUTER_ON - assumed 'URL_ROUTER_ON' H:\code\git\ohana-php\Application\Home\Conf\config.php 第 6 行.
NOTIC: [8] Use of undefined constant URL_ROUTE_RULES - assumed 'URL_ROUTE_RULES' H:\code\git\ohana-php\Application\Home\Conf\config.php 第 8 行.
INFO: [ app_begin ] --START--
INFO: Run Behavior\ReadHtmlCacheBehavior [ RunTime:0.000513s ]
INFO: [ app_begin ] --END-- [ RunTime:0.000572s ]
ERR: 无法加载控制器:Custom_menu.xml

