[ 2016-01-02T10:34:22+08:00 ] 127.0.0.1 /Test/ohana-php/
INFO: [ app_init ] --START--
INFO: Run Behavior\BuildLiteBehavior [ RunTime:0.000019s ]
INFO: [ app_init ] --END-- [ RunTime:0.001028s ]
NOTIC: [8] Use of undefined constant URL_ROUTER_ON - assumed 'URL_ROUTER_ON' G:\code\Test\ohana-php\Application\Home\Conf\config.php 第 6 行.
NOTIC: [8] Use of undefined constant URL_ROUTE_RULES - assumed 'URL_ROUTE_RULES' G:\code\Test\ohana-php\Application\Home\Conf\config.php 第 8 行.
INFO: [ app_begin ] --START--
INFO: Run Behavior\ReadHtmlCacheBehavior [ RunTime:0.007758s ]
INFO: [ app_begin ] --END-- [ RunTime:0.007879s ]
SQL: SHOW COLUMNS FROM `ohana_category` [ RunTime:0.065134s ]
SQL: SELECT * FROM `ohana_category` ORDER BY  cre_time desc  [ RunTime:0.001792s ]
SQL: SHOW COLUMNS FROM `ohana_article` [ RunTime:0.033275s ]
SQL: SELECT * FROM `ohana_article` ORDER BY post_time DESC LIMIT 6   [ RunTime:0.001719s ]
INFO: [ view_parse ] --START--
INFO: [ template_filter ] --START--
INFO: Run Behavior\ContentReplaceBehavior [ RunTime:0.000214s ]
INFO: [ template_filter ] --END-- [ RunTime:0.000343s ]
NOTIC: [8] Undefined index: children: G:\code\Test\ohana-php\Application\Runtime\Cache\Home\2a94b8bda04ff446dcedd42276fc99ee.php 第 111 行.
NOTIC: [8] Undefined index: children: G:\code\Test\ohana-php\Application\Runtime\Cache\Home\2a94b8bda04ff446dcedd42276fc99ee.php 第 111 行.
NOTIC: [8] Undefined index: children: G:\code\Test\ohana-php\Application\Runtime\Cache\Home\2a94b8bda04ff446dcedd42276fc99ee.php 第 111 行.
NOTIC: [8] Undefined index: children: G:\code\Test\ohana-php\Application\Runtime\Cache\Home\2a94b8bda04ff446dcedd42276fc99ee.php 第 111 行.
NOTIC: [8] Undefined index: children: G:\code\Test\ohana-php\Application\Runtime\Cache\Home\2a94b8bda04ff446dcedd42276fc99ee.php 第 111 行.
INFO: Run Behavior\ParseTemplateBehavior [ RunTime:0.118810s ]
INFO: [ view_parse ] --END-- [ RunTime:0.118914s ]
INFO: [ view_filter ] --START--
INFO: Run Behavior\WriteHtmlCacheBehavior [ RunTime:0.011383s ]
INFO: [ view_filter ] --END-- [ RunTime:0.011508s ]
INFO: [ app_end ] --START--
INFO: Run Behavior\ShowPageTraceBehavior [ RunTime:0.013881s ]
INFO: [ app_end ] --END-- [ RunTime:0.014088s ]

[ 2016-01-02T10:34:24+08:00 ] 127.0.0.1 /Test/ohana-php/home/article/list/49
INFO: [ app_init ] --START--
INFO: Run Behavior\BuildLiteBehavior [ RunTime:0.000023s ]
INFO: [ app_init ] --END-- [ RunTime:0.000528s ]
NOTIC: [8] Use of undefined constant URL_ROUTER_ON - assumed 'URL_ROUTER_ON' G:\code\Test\ohana-php\Application\Home\Conf\config.php 第 6 行.
NOTIC: [8] Use of undefined constant URL_ROUTE_RULES - assumed 'URL_ROUTE_RULES' G:\code\Test\ohana-php\Application\Home\Conf\config.php 第 8 行.
INFO: [ app_begin ] --START--
INFO: Run Behavior\ReadHtmlCacheBehavior [ RunTime:0.001149s ]
INFO: [ app_begin ] --END-- [ RunTime:0.001212s ]
SQL: SHOW COLUMNS FROM `ohana_category` [ RunTime:0.007260s ]
SQL: SELECT * FROM `ohana_category` ORDER BY  cre_time desc  [ RunTime:0.001100s ]
SQL: SHOW COLUMNS FROM `ohana_article` [ RunTime:0.002809s ]
SQL: SELECT * FROM `ohana_article` ORDER BY post_time DESC LIMIT 6   [ RunTime:0.001000s ]
SQL: SELECT * FROM `ohana_category` WHERE `id` = 49 LIMIT 1   [ RunTime:0.000343s ]
SQL: SHOW COLUMNS FROM `ohana_article` [ RunTime:0.003028s ]
SQL: SELECT * FROM `ohana_article` WHERE `cid` = 49 ORDER BY post_time DESC LIMIT 0,2   [ RunTime:0.001576s ]
SQL: SELECT count(id) as total_count FROM `ohana_article` WHERE `cid` = 49 LIMIT 1   [ RunTime:0.000308s ]
INFO: [ view_parse ] --START--
INFO: [ template_filter ] --START--
INFO: Run Behavior\ContentReplaceBehavior [ RunTime:0.000080s ]
INFO: [ template_filter ] --END-- [ RunTime:0.000138s ]
NOTIC: [8] Undefined index: children: G:\code\Test\ohana-php\Application\Runtime\Cache\Home\ff8d2e9a08e5b8bee21d40e9b5c7e8b2.php 第 88 行.
NOTIC: [8] Undefined index: children: G:\code\Test\ohana-php\Application\Runtime\Cache\Home\ff8d2e9a08e5b8bee21d40e9b5c7e8b2.php 第 88 行.
NOTIC: [8] Undefined index: children: G:\code\Test\ohana-php\Application\Runtime\Cache\Home\ff8d2e9a08e5b8bee21d40e9b5c7e8b2.php 第 88 行.
NOTIC: [8] Undefined index: children: G:\code\Test\ohana-php\Application\Runtime\Cache\Home\ff8d2e9a08e5b8bee21d40e9b5c7e8b2.php 第 88 行.
NOTIC: [8] Undefined index: children: G:\code\Test\ohana-php\Application\Runtime\Cache\Home\ff8d2e9a08e5b8bee21d40e9b5c7e8b2.php 第 88 行.
INFO: Run Behavior\ParseTemplateBehavior [ RunTime:0.027986s ]
INFO: [ view_parse ] --END-- [ RunTime:0.028059s ]
INFO: [ view_filter ] --START--
INFO: Run Behavior\WriteHtmlCacheBehavior [ RunTime:0.000647s ]
INFO: [ view_filter ] --END-- [ RunTime:0.000685s ]
INFO: [ app_end ] --START--
INFO: Run Behavior\ShowPageTraceBehavior [ RunTime:0.000938s ]
INFO: [ app_end ] --END-- [ RunTime:0.000990s ]

[ 2016-01-02T10:34:25+08:00 ] 127.0.0.1 /Test/ohana-php/home/article/list/custom_menu.xml
INFO: [ app_init ] --START--
INFO: Run Behavior\BuildLiteBehavior [ RunTime:0.000016s ]
INFO: [ app_init ] --END-- [ RunTime:0.000618s ]
NOTIC: [8] Use of undefined constant URL_ROUTER_ON - assumed 'URL_ROUTER_ON' G:\code\Test\ohana-php\Application\Home\Conf\config.php 第 6 行.
NOTIC: [8] Use of undefined constant URL_ROUTE_RULES - assumed 'URL_ROUTE_RULES' G:\code\Test\ohana-php\Application\Home\Conf\config.php 第 8 行.
INFO: [ app_begin ] --START--
INFO: Run Behavior\ReadHtmlCacheBehavior [ RunTime:0.000765s ]
INFO: [ app_begin ] --END-- [ RunTime:0.000813s ]
INFO: [ view_parse ] --START--
INFO: [ template_filter ] --START--
INFO: Run Behavior\ContentReplaceBehavior [ RunTime:0.000072s ]
INFO: [ template_filter ] --END-- [ RunTime:0.000121s ]
NOTIC: [8] Undefined variable: title G:\code\Test\ohana-php\Application\Runtime\Cache\Home\ff8d2e9a08e5b8bee21d40e9b5c7e8b2.php 第 5 行.
NOTIC: [8] Undefined variable: navigation G:\code\Test\ohana-php\Application\Runtime\Cache\Home\ff8d2e9a08e5b8bee21d40e9b5c7e8b2.php 第 24 行.
NOTIC: [8] Undefined variable: articleList G:\code\Test\ohana-php\Application\Runtime\Cache\Home\ff8d2e9a08e5b8bee21d40e9b5c7e8b2.php 第 34 行.
NOTIC: [8] Undefined variable: page G:\code\Test\ohana-php\Application\Runtime\Cache\Home\ff8d2e9a08e5b8bee21d40e9b5c7e8b2.php 第 48 行.
NOTIC: [8] Undefined variable: article G:\code\Test\ohana-php\Application\Runtime\Cache\Home\ff8d2e9a08e5b8bee21d40e9b5c7e8b2.php 第 51 行.
NOTIC: [8] Undefined variable: page G:\code\Test\ohana-php\Application\Runtime\Cache\Home\ff8d2e9a08e5b8bee21d40e9b5c7e8b2.php 第 51 行.
NOTIC: [8] Undefined variable: page G:\code\Test\ohana-php\Application\Runtime\Cache\Home\ff8d2e9a08e5b8bee21d40e9b5c7e8b2.php 第 53 行.
NOTIC: [8] Undefined variable: page G:\code\Test\ohana-php\Application\Runtime\Cache\Home\ff8d2e9a08e5b8bee21d40e9b5c7e8b2.php 第 60 行.
NOTIC: [8] Undefined variable: page G:\code\Test\ohana-php\Application\Runtime\Cache\Home\ff8d2e9a08e5b8bee21d40e9b5c7e8b2.php 第 60 行.
NOTIC: [8] Undefined variable: navigation G:\code\Test\ohana-php\Application\Runtime\Cache\Home\ff8d2e9a08e5b8bee21d40e9b5c7e8b2.php 第 85 行.
NOTIC: [8] Undefined variable: lastArticle G:\code\Test\ohana-php\Application\Runtime\Cache\Home\ff8d2e9a08e5b8bee21d40e9b5c7e8b2.php 第 97 行.
INFO: Run Behavior\ParseTemplateBehavior [ RunTime:0.013699s ]
INFO: [ view_parse ] --END-- [ RunTime:0.013761s ]
INFO: [ view_filter ] --START--
INFO: Run Behavior\WriteHtmlCacheBehavior [ RunTime:0.000927s ]
INFO: [ view_filter ] --END-- [ RunTime:0.001004s ]
INFO: [ app_end ] --START--
INFO: Run Behavior\ShowPageTraceBehavior [ RunTime:0.001073s ]
INFO: [ app_end ] --END-- [ RunTime:0.001134s ]

[ 2016-01-02T10:34:46+08:00 ] 127.0.0.1 /Test/ohana-php/home/article/list/49
INFO: [ app_init ] --START--
INFO: Run Behavior\BuildLiteBehavior [ RunTime:0.000015s ]
INFO: [ app_init ] --END-- [ RunTime:0.000615s ]
NOTIC: [8] Use of undefined constant URL_ROUTER_ON - assumed 'URL_ROUTER_ON' G:\code\Test\ohana-php\Application\Home\Conf\config.php 第 6 行.
NOTIC: [8] Use of undefined constant URL_ROUTE_RULES - assumed 'URL_ROUTE_RULES' G:\code\Test\ohana-php\Application\Home\Conf\config.php 第 8 行.
INFO: [ app_begin ] --START--
INFO: Run Behavior\ReadHtmlCacheBehavior [ RunTime:0.000868s ]
INFO: [ app_begin ] --END-- [ RunTime:0.000923s ]
SQL: SHOW COLUMNS FROM `ohana_category` [ RunTime:0.004505s ]
SQL: SELECT * FROM `ohana_category` ORDER BY  cre_time desc  [ RunTime:0.001554s ]
SQL: SHOW COLUMNS FROM `ohana_article` [ RunTime:0.004017s ]
SQL: SELECT * FROM `ohana_article` ORDER BY post_time DESC LIMIT 6   [ RunTime:0.001128s ]
SQL: SELECT * FROM `ohana_category` WHERE `id` = 49 LIMIT 1   [ RunTime:0.000179s ]
SQL: SHOW COLUMNS FROM `ohana_article` [ RunTime:0.004771s ]
SQL: SELECT * FROM `ohana_article` WHERE `cid` = 49 ORDER BY post_time DESC LIMIT 0,2   [ RunTime:0.002615s ]
SQL: SELECT count(id) as total_count FROM `ohana_article` WHERE `cid` = 49 LIMIT 1   [ RunTime:0.000207s ]
INFO: [ view_parse ] --START--
INFO: [ template_filter ] --START--
INFO: Run Behavior\ContentReplaceBehavior [ RunTime:0.000081s ]
INFO: [ template_filter ] --END-- [ RunTime:0.000143s ]
NOTIC: [8] Undefined index: children: G:\code\Test\ohana-php\Application\Runtime\Cache\Home\ff8d2e9a08e5b8bee21d40e9b5c7e8b2.php 第 88 行.
NOTIC: [8] Undefined index: children: G:\code\Test\ohana-php\Application\Runtime\Cache\Home\ff8d2e9a08e5b8bee21d40e9b5c7e8b2.php 第 88 行.
NOTIC: [8] Undefined index: children: G:\code\Test\ohana-php\Application\Runtime\Cache\Home\ff8d2e9a08e5b8bee21d40e9b5c7e8b2.php 第 88 行.
NOTIC: [8] Undefined index: children: G:\code\Test\ohana-php\Application\Runtime\Cache\Home\ff8d2e9a08e5b8bee21d40e9b5c7e8b2.php 第 88 行.
NOTIC: [8] Undefined index: children: G:\code\Test\ohana-php\Application\Runtime\Cache\Home\ff8d2e9a08e5b8bee21d40e9b5c7e8b2.php 第 88 行.
INFO: Run Behavior\ParseTemplateBehavior [ RunTime:0.017045s ]
INFO: [ view_parse ] --END-- [ RunTime:0.017104s ]
INFO: [ view_filter ] --START--
INFO: Run Behavior\WriteHtmlCacheBehavior [ RunTime:0.000560s ]
INFO: [ view_filter ] --END-- [ RunTime:0.000598s ]
NOTIC: [2] Cannot modify header information - headers already sent by (output started at G:\code\Test\ohana-php\ThinkPHP\Common\functions.php:781) G:\code\Test\ohana-php\ThinkPHP\Library\Think\View.class.php 第 91 行.
NOTIC: [2] Cannot modify header information - headers already sent by (output started at G:\code\Test\ohana-php\ThinkPHP\Common\functions.php:781) G:\code\Test\ohana-php\ThinkPHP\Library\Think\View.class.php 第 92 行.
NOTIC: [2] Cannot modify header information - headers already sent by (output started at G:\code\Test\ohana-php\ThinkPHP\Common\functions.php:781) G:\code\Test\ohana-php\ThinkPHP\Library\Think\View.class.php 第 93 行.
INFO: [ app_end ] --START--
INFO: Run Behavior\ShowPageTraceBehavior [ RunTime:0.003194s ]
INFO: [ app_end ] --END-- [ RunTime:0.003328s ]

[ 2016-01-02T10:34:47+08:00 ] 127.0.0.1 /Test/ohana-php/home/article/list/custom_menu.xml
INFO: [ app_init ] --START--
INFO: Run Behavior\BuildLiteBehavior [ RunTime:0.000019s ]
INFO: [ app_init ] --END-- [ RunTime:0.000614s ]
NOTIC: [8] Use of undefined constant URL_ROUTER_ON - assumed 'URL_ROUTER_ON' G:\code\Test\ohana-php\Application\Home\Conf\config.php 第 6 行.
NOTIC: [8] Use of undefined constant URL_ROUTE_RULES - assumed 'URL_ROUTE_RULES' G:\code\Test\ohana-php\Application\Home\Conf\config.php 第 8 行.
INFO: [ app_begin ] --START--
INFO: Run Behavior\ReadHtmlCacheBehavior [ RunTime:0.000996s ]
INFO: [ app_begin ] --END-- [ RunTime:0.001058s ]
INFO: [ view_parse ] --START--
INFO: [ template_filter ] --START--
INFO: Run Behavior\ContentReplaceBehavior [ RunTime:0.000102s ]
INFO: [ template_filter ] --END-- [ RunTime:0.000166s ]
NOTIC: [8] Undefined variable: title G:\code\Test\ohana-php\Application\Runtime\Cache\Home\ff8d2e9a08e5b8bee21d40e9b5c7e8b2.php 第 5 行.
NOTIC: [8] Undefined variable: navigation G:\code\Test\ohana-php\Application\Runtime\Cache\Home\ff8d2e9a08e5b8bee21d40e9b5c7e8b2.php 第 24 行.
NOTIC: [8] Undefined variable: articleList G:\code\Test\ohana-php\Application\Runtime\Cache\Home\ff8d2e9a08e5b8bee21d40e9b5c7e8b2.php 第 34 行.
NOTIC: [8] Undefined variable: page G:\code\Test\ohana-php\Application\Runtime\Cache\Home\ff8d2e9a08e5b8bee21d40e9b5c7e8b2.php 第 48 行.
NOTIC: [8] Undefined variable: article G:\code\Test\ohana-php\Application\Runtime\Cache\Home\ff8d2e9a08e5b8bee21d40e9b5c7e8b2.php 第 51 行.
NOTIC: [8] Undefined variable: page G:\code\Test\ohana-php\Application\Runtime\Cache\Home\ff8d2e9a08e5b8bee21d40e9b5c7e8b2.php 第 51 行.
NOTIC: [8] Undefined variable: page G:\code\Test\ohana-php\Application\Runtime\Cache\Home\ff8d2e9a08e5b8bee21d40e9b5c7e8b2.php 第 53 行.
NOTIC: [8] Undefined variable: page G:\code\Test\ohana-php\Application\Runtime\Cache\Home\ff8d2e9a08e5b8bee21d40e9b5c7e8b2.php 第 60 行.
NOTIC: [8] Undefined variable: page G:\code\Test\ohana-php\Application\Runtime\Cache\Home\ff8d2e9a08e5b8bee21d40e9b5c7e8b2.php 第 60 行.
NOTIC: [8] Undefined variable: navigation G:\code\Test\ohana-php\Application\Runtime\Cache\Home\ff8d2e9a08e5b8bee21d40e9b5c7e8b2.php 第 85 行.
NOTIC: [8] Undefined variable: lastArticle G:\code\Test\ohana-php\Application\Runtime\Cache\Home\ff8d2e9a08e5b8bee21d40e9b5c7e8b2.php 第 97 行.
INFO: Run Behavior\ParseTemplateBehavior [ RunTime:0.017458s ]
INFO: [ view_parse ] --END-- [ RunTime:0.017520s ]
INFO: [ view_filter ] --START--
INFO: Run Behavior\WriteHtmlCacheBehavior [ RunTime:0.000619s ]
INFO: [ view_filter ] --END-- [ RunTime:0.000667s ]
INFO: [ app_end ] --START--
INFO: Run Behavior\ShowPageTraceBehavior [ RunTime:0.000922s ]
INFO: [ app_end ] --END-- [ RunTime:0.000970s ]

[ 2016-01-02T10:35:01+08:00 ] 127.0.0.1 /Test/ohana-php/home/article/list/49
INFO: [ app_init ] --START--
INFO: Run Behavior\BuildLiteBehavior [ RunTime:0.000026s ]
INFO: [ app_init ] --END-- [ RunTime:0.000546s ]
NOTIC: [8] Use of undefined constant URL_ROUTER_ON - assumed 'URL_ROUTER_ON' G:\code\Test\ohana-php\Application\Home\Conf\config.php 第 6 行.
NOTIC: [8] Use of undefined constant URL_ROUTE_RULES - assumed 'URL_ROUTE_RULES' G:\code\Test\ohana-php\Application\Home\Conf\config.php 第 8 行.
INFO: [ app_begin ] --START--
INFO: Run Behavior\ReadHtmlCacheBehavior [ RunTime:0.001116s ]
INFO: [ app_begin ] --END-- [ RunTime:0.001176s ]
SQL: SHOW COLUMNS FROM `ohana_category` [ RunTime:0.002842s ]
SQL: SELECT * FROM `ohana_category` ORDER BY  cre_time desc  [ RunTime:0.000991s ]
SQL: SHOW COLUMNS FROM `ohana_article` [ RunTime:0.002810s ]
SQL: SELECT * FROM `ohana_article` ORDER BY post_time DESC LIMIT 6   [ RunTime:0.001470s ]
SQL: SELECT * FROM `ohana_category` WHERE `id` = 49 LIMIT 1   [ RunTime:0.000232s ]
SQL: SHOW COLUMNS FROM `ohana_article` [ RunTime:0.004264s ]
SQL: SELECT * FROM `ohana_article` WHERE `cid` = 49 ORDER BY post_time DESC LIMIT 0,2   [ RunTime:0.000930s ]
SQL: SELECT count(id) as total_count FROM `ohana_article` WHERE `cid` = 49 LIMIT 1   [ RunTime:0.000176s ]
INFO: [ view_parse ] --START--
INFO: [ template_filter ] --START--
INFO: Run Behavior\ContentReplaceBehavior [ RunTime:0.000074s ]
INFO: [ template_filter ] --END-- [ RunTime:0.000125s ]
NOTIC: [8] Undefined index: children: G:\code\Test\ohana-php\Application\Runtime\Cache\Home\ff8d2e9a08e5b8bee21d40e9b5c7e8b2.php 第 88 行.
NOTIC: [8] Undefined index: children: G:\code\Test\ohana-php\Application\Runtime\Cache\Home\ff8d2e9a08e5b8bee21d40e9b5c7e8b2.php 第 88 行.
NOTIC: [8] Undefined index: children: G:\code\Test\ohana-php\Application\Runtime\Cache\Home\ff8d2e9a08e5b8bee21d40e9b5c7e8b2.php 第 88 行.
NOTIC: [8] Undefined index: children: G:\code\Test\ohana-php\Application\Runtime\Cache\Home\ff8d2e9a08e5b8bee21d40e9b5c7e8b2.php 第 88 行.
NOTIC: [8] Undefined index: children: G:\code\Test\ohana-php\Application\Runtime\Cache\Home\ff8d2e9a08e5b8bee21d40e9b5c7e8b2.php 第 88 行.
INFO: Run Behavior\ParseTemplateBehavior [ RunTime:0.015599s ]
INFO: [ view_parse ] --END-- [ RunTime:0.015651s ]
INFO: [ view_filter ] --START--
INFO: Run Behavior\WriteHtmlCacheBehavior [ RunTime:0.000647s ]
INFO: [ view_filter ] --END-- [ RunTime:0.000683s ]
INFO: [ app_end ] --START--
INFO: Run Behavior\ShowPageTraceBehavior [ RunTime:0.000961s ]
INFO: [ app_end ] --END-- [ RunTime:0.001002s ]

[ 2016-01-02T10:35:01+08:00 ] 127.0.0.1 /Test/ohana-php/home/article/list/custom_menu.xml
INFO: [ app_init ] --START--
INFO: Run Behavior\BuildLiteBehavior [ RunTime:0.000017s ]
INFO: [ app_init ] --END-- [ RunTime:0.000595s ]
NOTIC: [8] Use of undefined constant URL_ROUTER_ON - assumed 'URL_ROUTER_ON' G:\code\Test\ohana-php\Application\Home\Conf\config.php 第 6 行.
NOTIC: [8] Use of undefined constant URL_ROUTE_RULES - assumed 'URL_ROUTE_RULES' G:\code\Test\ohana-php\Application\Home\Conf\config.php 第 8 行.
INFO: [ app_begin ] --START--
INFO: Run Behavior\ReadHtmlCacheBehavior [ RunTime:0.000903s ]
INFO: [ app_begin ] --END-- [ RunTime:0.000953s ]
INFO: [ view_parse ] --START--
INFO: [ template_filter ] --START--
INFO: Run Behavior\ContentReplaceBehavior [ RunTime:0.000114s ]
INFO: [ template_filter ] --END-- [ RunTime:0.000207s ]
NOTIC: [8] Undefined variable: title G:\code\Test\ohana-php\Application\Runtime\Cache\Home\ff8d2e9a08e5b8bee21d40e9b5c7e8b2.php 第 5 行.
NOTIC: [8] Undefined variable: navigation G:\code\Test\ohana-php\Application\Runtime\Cache\Home\ff8d2e9a08e5b8bee21d40e9b5c7e8b2.php 第 24 行.
NOTIC: [8] Undefined variable: articleList G:\code\Test\ohana-php\Application\Runtime\Cache\Home\ff8d2e9a08e5b8bee21d40e9b5c7e8b2.php 第 34 行.
NOTIC: [8] Undefined variable: page G:\code\Test\ohana-php\Application\Runtime\Cache\Home\ff8d2e9a08e5b8bee21d40e9b5c7e8b2.php 第 48 行.
NOTIC: [8] Undefined variable: article G:\code\Test\ohana-php\Application\Runtime\Cache\Home\ff8d2e9a08e5b8bee21d40e9b5c7e8b2.php 第 51 行.
NOTIC: [8] Undefined variable: page G:\code\Test\ohana-php\Application\Runtime\Cache\Home\ff8d2e9a08e5b8bee21d40e9b5c7e8b2.php 第 51 行.
NOTIC: [8] Undefined variable: page G:\code\Test\ohana-php\Application\Runtime\Cache\Home\ff8d2e9a08e5b8bee21d40e9b5c7e8b2.php 第 53 行.
NOTIC: [8] Undefined variable: page G:\code\Test\ohana-php\Application\Runtime\Cache\Home\ff8d2e9a08e5b8bee21d40e9b5c7e8b2.php 第 60 行.
NOTIC: [8] Undefined variable: page G:\code\Test\ohana-php\Application\Runtime\Cache\Home\ff8d2e9a08e5b8bee21d40e9b5c7e8b2.php 第 60 行.
NOTIC: [8] Undefined variable: navigation G:\code\Test\ohana-php\Application\Runtime\Cache\Home\ff8d2e9a08e5b8bee21d40e9b5c7e8b2.php 第 85 行.
NOTIC: [8] Undefined variable: lastArticle G:\code\Test\ohana-php\Application\Runtime\Cache\Home\ff8d2e9a08e5b8bee21d40e9b5c7e8b2.php 第 97 行.
INFO: Run Behavior\ParseTemplateBehavior [ RunTime:0.020162s ]
INFO: [ view_parse ] --END-- [ RunTime:0.020327s ]
INFO: [ view_filter ] --START--
INFO: Run Behavior\WriteHtmlCacheBehavior [ RunTime:0.001331s ]
INFO: [ view_filter ] --END-- [ RunTime:0.001408s ]
INFO: [ app_end ] --START--
INFO: Run Behavior\ShowPageTraceBehavior [ RunTime:0.001224s ]
INFO: [ app_end ] --END-- [ RunTime:0.001281s ]

[ 2016-01-02T10:39:05+08:00 ] 127.0.0.1 /Test/ohana-php/home/article/list/49
INFO: [ app_init ] --START--
INFO: Run Behavior\BuildLiteBehavior [ RunTime:0.000024s ]
INFO: [ app_init ] --END-- [ RunTime:0.000693s ]
NOTIC: [8] Use of undefined constant URL_ROUTER_ON - assumed 'URL_ROUTER_ON' G:\code\Test\ohana-php\Application\Home\Conf\config.php 第 6 行.
NOTIC: [8] Use of undefined constant URL_ROUTE_RULES - assumed 'URL_ROUTE_RULES' G:\code\Test\ohana-php\Application\Home\Conf\config.php 第 8 行.
INFO: [ app_begin ] --START--
INFO: Run Behavior\ReadHtmlCacheBehavior [ RunTime:0.001640s ]
INFO: [ app_begin ] --END-- [ RunTime:0.001741s ]
SQL: SHOW COLUMNS FROM `ohana_category` [ RunTime:0.005048s ]
SQL: SELECT * FROM `ohana_category` ORDER BY  cre_time desc  [ RunTime:0.001579s ]
SQL: SHOW COLUMNS FROM `ohana_article` [ RunTime:0.002908s ]
SQL: SELECT * FROM `ohana_article` ORDER BY post_time DESC LIMIT 6   [ RunTime:0.001320s ]
SQL: SELECT * FROM `ohana_category` WHERE `id` = 49 LIMIT 1   [ RunTime:0.000157s ]
SQL: SHOW COLUMNS FROM `ohana_article` [ RunTime:0.002737s ]
SQL: SELECT * FROM `ohana_article` WHERE `cid` = 49 ORDER BY post_time DESC LIMIT 0,2   [ RunTime:0.000894s ]
SQL: SELECT count(id) as total_count FROM `ohana_article` WHERE `cid` = 49 LIMIT 1   [ RunTime:0.000180s ]
INFO: [ view_parse ] --START--
INFO: [ template_filter ] --START--
INFO: Run Behavior\ContentReplaceBehavior [ RunTime:0.000103s ]
INFO: [ template_filter ] --END-- [ RunTime:0.000166s ]
NOTIC: [8] Undefined index: children: G:\code\Test\ohana-php\Application\Runtime\Cache\Home\ff8d2e9a08e5b8bee21d40e9b5c7e8b2.php 第 88 行.
NOTIC: [8] Undefined index: children: G:\code\Test\ohana-php\Application\Runtime\Cache\Home\ff8d2e9a08e5b8bee21d40e9b5c7e8b2.php 第 88 行.
NOTIC: [8] Undefined index: children: G:\code\Test\ohana-php\Application\Runtime\Cache\Home\ff8d2e9a08e5b8bee21d40e9b5c7e8b2.php 第 88 行.
NOTIC: [8] Undefined index: children: G:\code\Test\ohana-php\Application\Runtime\Cache\Home\ff8d2e9a08e5b8bee21d40e9b5c7e8b2.php 第 88 行.
NOTIC: [8] Undefined index: children: G:\code\Test\ohana-php\Application\Runtime\Cache\Home\ff8d2e9a08e5b8bee21d40e9b5c7e8b2.php 第 88 行.
INFO: Run Behavior\ParseTemplateBehavior [ RunTime:0.016934s ]
INFO: [ view_parse ] --END-- [ RunTime:0.017031s ]
INFO: [ view_filter ] --START--
INFO: Run Behavior\WriteHtmlCacheBehavior [ RunTime:0.001230s ]
INFO: [ view_filter ] --END-- [ RunTime:0.001302s ]
INFO: [ app_end ] --START--
INFO: Run Behavior\ShowPageTraceBehavior [ RunTime:0.001061s ]
INFO: [ app_end ] --END-- [ RunTime:0.001114s ]

[ 2016-01-02T10:39:06+08:00 ] 127.0.0.1 /Test/ohana-php/home/article/list/custom_menu.xml
INFO: [ app_init ] --START--
INFO: Run Behavior\BuildLiteBehavior [ RunTime:0.000022s ]
INFO: [ app_init ] --END-- [ RunTime:0.000800s ]
NOTIC: [8] Use of undefined constant URL_ROUTER_ON - assumed 'URL_ROUTER_ON' G:\code\Test\ohana-php\Application\Home\Conf\config.php 第 6 行.
NOTIC: [8] Use of undefined constant URL_ROUTE_RULES - assumed 'URL_ROUTE_RULES' G:\code\Test\ohana-php\Application\Home\Conf\config.php 第 8 行.
INFO: [ app_begin ] --START--
INFO: Run Behavior\ReadHtmlCacheBehavior [ RunTime:0.001056s ]
INFO: [ app_begin ] --END-- [ RunTime:0.001131s ]
INFO: [ view_parse ] --START--
INFO: [ template_filter ] --START--
INFO: Run Behavior\ContentReplaceBehavior [ RunTime:0.000099s ]
INFO: [ template_filter ] --END-- [ RunTime:0.000164s ]
NOTIC: [8] Undefined variable: title G:\code\Test\ohana-php\Application\Runtime\Cache\Home\ff8d2e9a08e5b8bee21d40e9b5c7e8b2.php 第 5 行.
NOTIC: [8] Undefined variable: navigation G:\code\Test\ohana-php\Application\Runtime\Cache\Home\ff8d2e9a08e5b8bee21d40e9b5c7e8b2.php 第 24 行.
NOTIC: [8] Undefined variable: articleList G:\code\Test\ohana-php\Application\Runtime\Cache\Home\ff8d2e9a08e5b8bee21d40e9b5c7e8b2.php 第 34 行.
NOTIC: [8] Undefined variable: page G:\code\Test\ohana-php\Application\Runtime\Cache\Home\ff8d2e9a08e5b8bee21d40e9b5c7e8b2.php 第 48 行.
NOTIC: [8] Undefined variable: article G:\code\Test\ohana-php\Application\Runtime\Cache\Home\ff8d2e9a08e5b8bee21d40e9b5c7e8b2.php 第 51 行.
NOTIC: [8] Undefined variable: page G:\code\Test\ohana-php\Application\Runtime\Cache\Home\ff8d2e9a08e5b8bee21d40e9b5c7e8b2.php 第 51 行.
NOTIC: [8] Undefined variable: page G:\code\Test\ohana-php\Application\Runtime\Cache\Home\ff8d2e9a08e5b8bee21d40e9b5c7e8b2.php 第 53 行.
NOTIC: [8] Undefined variable: page G:\code\Test\ohana-php\Application\Runtime\Cache\Home\ff8d2e9a08e5b8bee21d40e9b5c7e8b2.php 第 60 行.
NOTIC: [8] Undefined variable: page G:\code\Test\ohana-php\Application\Runtime\Cache\Home\ff8d2e9a08e5b8bee21d40e9b5c7e8b2.php 第 60 行.
NOTIC: [8] Undefined variable: navigation G:\code\Test\ohana-php\Application\Runtime\Cache\Home\ff8d2e9a08e5b8bee21d40e9b5c7e8b2.php 第 85 行.
NOTIC: [8] Undefined variable: lastArticle G:\code\Test\ohana-php\Application\Runtime\Cache\Home\ff8d2e9a08e5b8bee21d40e9b5c7e8b2.php 第 97 行.
INFO: Run Behavior\ParseTemplateBehavior [ RunTime:0.017498s ]
INFO: [ view_parse ] --END-- [ RunTime:0.017560s ]
INFO: [ view_filter ] --START--
INFO: Run Behavior\WriteHtmlCacheBehavior [ RunTime:0.000649s ]
INFO: [ view_filter ] --END-- [ RunTime:0.000699s ]
INFO: [ app_end ] --START--
INFO: Run Behavior\ShowPageTraceBehavior [ RunTime:0.000939s ]
INFO: [ app_end ] --END-- [ RunTime:0.000990s ]

[ 2016-01-02T10:39:08+08:00 ] 127.0.0.1 /Test/ohana-php/home/article/list/49/2
INFO: [ app_init ] --START--
INFO: Run Behavior\BuildLiteBehavior [ RunTime:0.000059s ]
INFO: [ app_init ] --END-- [ RunTime:0.001526s ]
NOTIC: [8] Use of undefined constant URL_ROUTER_ON - assumed 'URL_ROUTER_ON' G:\code\Test\ohana-php\Application\Home\Conf\config.php 第 6 行.
NOTIC: [8] Use of undefined constant URL_ROUTE_RULES - assumed 'URL_ROUTE_RULES' G:\code\Test\ohana-php\Application\Home\Conf\config.php 第 8 行.
INFO: [ app_begin ] --START--
INFO: Run Behavior\ReadHtmlCacheBehavior [ RunTime:0.001373s ]
INFO: [ app_begin ] --END-- [ RunTime:0.001468s ]
SQL: SHOW COLUMNS FROM `ohana_category` [ RunTime:0.002850s ]
SQL: SELECT * FROM `ohana_category` ORDER BY  cre_time desc  [ RunTime:0.000930s ]
SQL: SHOW COLUMNS FROM `ohana_article` [ RunTime:0.003254s ]
SQL: SELECT * FROM `ohana_article` ORDER BY post_time DESC LIMIT 6   [ RunTime:0.001760s ]
SQL: SELECT * FROM `ohana_category` WHERE `id` = 49 LIMIT 1   [ RunTime:0.000262s ]
SQL: SHOW COLUMNS FROM `ohana_article` [ RunTime:0.002905s ]
SQL: SELECT * FROM `ohana_article` WHERE `cid` = 49 ORDER BY post_time DESC LIMIT 2,2   [ RunTime:0.001285s ]
SQL: SELECT count(id) as total_count FROM `ohana_article` WHERE `cid` = 49 LIMIT 1   [ RunTime:0.000162s ]
INFO: [ view_parse ] --START--
INFO: [ template_filter ] --START--
INFO: Run Behavior\ContentReplaceBehavior [ RunTime:0.000086s ]
INFO: [ template_filter ] --END-- [ RunTime:0.000136s ]
NOTIC: [8] Undefined index: children: G:\code\Test\ohana-php\Application\Runtime\Cache\Home\ff8d2e9a08e5b8bee21d40e9b5c7e8b2.php 第 88 行.
NOTIC: [8] Undefined index: children: G:\code\Test\ohana-php\Application\Runtime\Cache\Home\ff8d2e9a08e5b8bee21d40e9b5c7e8b2.php 第 88 行.
NOTIC: [8] Undefined index: children: G:\code\Test\ohana-php\Application\Runtime\Cache\Home\ff8d2e9a08e5b8bee21d40e9b5c7e8b2.php 第 88 行.
NOTIC: [8] Undefined index: children: G:\code\Test\ohana-php\Application\Runtime\Cache\Home\ff8d2e9a08e5b8bee21d40e9b5c7e8b2.php 第 88 行.
NOTIC: [8] Undefined index: children: G:\code\Test\ohana-php\Application\Runtime\Cache\Home\ff8d2e9a08e5b8bee21d40e9b5c7e8b2.php 第 88 行.
INFO: Run Behavior\ParseTemplateBehavior [ RunTime:0.015956s ]
INFO: [ view_parse ] --END-- [ RunTime:0.016005s ]
INFO: [ view_filter ] --START--
INFO: Run Behavior\WriteHtmlCacheBehavior [ RunTime:0.000954s ]
INFO: [ view_filter ] --END-- [ RunTime:0.000989s ]
INFO: [ app_end ] --START--
INFO: Run Behavior\ShowPageTraceBehavior [ RunTime:0.001189s ]
INFO: [ app_end ] --END-- [ RunTime:0.001239s ]

[ 2016-01-02T10:39:08+08:00 ] 127.0.0.1 /Test/ohana-php/home/article/list/49/custom_menu.xml
INFO: [ app_init ] --START--
INFO: Run Behavior\BuildLiteBehavior [ RunTime:0.000015s ]
INFO: [ app_init ] --END-- [ RunTime:0.000547s ]
NOTIC: [8] Use of undefined constant URL_ROUTER_ON - assumed 'URL_ROUTER_ON' G:\code\Test\ohana-php\Application\Home\Conf\config.php 第 6 行.
NOTIC: [8] Use of undefined constant URL_ROUTE_RULES - assumed 'URL_ROUTE_RULES' G:\code\Test\ohana-php\Application\Home\Conf\config.php 第 8 行.
INFO: [ app_begin ] --START--
INFO: Run Behavior\ReadHtmlCacheBehavior [ RunTime:0.001182s ]
INFO: [ app_begin ] --END-- [ RunTime:0.001228s ]
INFO: [ view_parse ] --START--
INFO: [ template_filter ] --START--
INFO: Run Behavior\ContentReplaceBehavior [ RunTime:0.000239s ]
INFO: [ template_filter ] --END-- [ RunTime:0.000304s ]
NOTIC: [8] Undefined variable: title G:\code\Test\ohana-php\Application\Runtime\Cache\Home\ff8d2e9a08e5b8bee21d40e9b5c7e8b2.php 第 5 行.
NOTIC: [8] Undefined variable: navigation G:\code\Test\ohana-php\Application\Runtime\Cache\Home\ff8d2e9a08e5b8bee21d40e9b5c7e8b2.php 第 24 行.
NOTIC: [8] Undefined variable: articleList G:\code\Test\ohana-php\Application\Runtime\Cache\Home\ff8d2e9a08e5b8bee21d40e9b5c7e8b2.php 第 34 行.
NOTIC: [8] Undefined variable: page G:\code\Test\ohana-php\Application\Runtime\Cache\Home\ff8d2e9a08e5b8bee21d40e9b5c7e8b2.php 第 48 行.
NOTIC: [8] Undefined variable: article G:\code\Test\ohana-php\Application\Runtime\Cache\Home\ff8d2e9a08e5b8bee21d40e9b5c7e8b2.php 第 51 行.
NOTIC: [8] Undefined variable: page G:\code\Test\ohana-php\Application\Runtime\Cache\Home\ff8d2e9a08e5b8bee21d40e9b5c7e8b2.php 第 51 行.
NOTIC: [8] Undefined variable: page G:\code\Test\ohana-php\Application\Runtime\Cache\Home\ff8d2e9a08e5b8bee21d40e9b5c7e8b2.php 第 53 行.
NOTIC: [8] Undefined variable: page G:\code\Test\ohana-php\Application\Runtime\Cache\Home\ff8d2e9a08e5b8bee21d40e9b5c7e8b2.php 第 60 行.
NOTIC: [8] Undefined variable: page G:\code\Test\ohana-php\Application\Runtime\Cache\Home\ff8d2e9a08e5b8bee21d40e9b5c7e8b2.php 第 60 行.
NOTIC: [8] Undefined variable: navigation G:\code\Test\ohana-php\Application\Runtime\Cache\Home\ff8d2e9a08e5b8bee21d40e9b5c7e8b2.php 第 85 行.
NOTIC: [8] Undefined variable: lastArticle G:\code\Test\ohana-php\Application\Runtime\Cache\Home\ff8d2e9a08e5b8bee21d40e9b5c7e8b2.php 第 97 行.
INFO: Run Behavior\ParseTemplateBehavior [ RunTime:0.015470s ]
INFO: [ view_parse ] --END-- [ RunTime:0.015516s ]
INFO: [ view_filter ] --START--
INFO: Run Behavior\WriteHtmlCacheBehavior [ RunTime:0.000947s ]
INFO: [ view_filter ] --END-- [ RunTime:0.000995s ]
INFO: [ app_end ] --START--
INFO: Run Behavior\ShowPageTraceBehavior [ RunTime:0.001217s ]
INFO: [ app_end ] --END-- [ RunTime:0.001265s ]

[ 2016-01-02T10:39:12+08:00 ] 127.0.0.1 /Test/ohana-php/home/article/list/49/1
INFO: [ app_init ] --START--
INFO: Run Behavior\BuildLiteBehavior [ RunTime:0.000018s ]
INFO: [ app_init ] --END-- [ RunTime:0.000651s ]
NOTIC: [8] Use of undefined constant URL_ROUTER_ON - assumed 'URL_ROUTER_ON' G:\code\Test\ohana-php\Application\Home\Conf\config.php 第 6 行.
NOTIC: [8] Use of undefined constant URL_ROUTE_RULES - assumed 'URL_ROUTE_RULES' G:\code\Test\ohana-php\Application\Home\Conf\config.php 第 8 行.
INFO: [ app_begin ] --START--
INFO: Run Behavior\ReadHtmlCacheBehavior [ RunTime:0.002107s ]
INFO: [ app_begin ] --END-- [ RunTime:0.002198s ]
SQL: SHOW COLUMNS FROM `ohana_category` [ RunTime:0.003136s ]
SQL: SELECT * FROM `ohana_category` ORDER BY  cre_time desc  [ RunTime:0.001171s ]
SQL: SHOW COLUMNS FROM `ohana_article` [ RunTime:0.002862s ]
SQL: SELECT * FROM `ohana_article` ORDER BY post_time DESC LIMIT 6   [ RunTime:0.001155s ]
SQL: SELECT * FROM `ohana_category` WHERE `id` = 49 LIMIT 1   [ RunTime:0.000170s ]
SQL: SHOW COLUMNS FROM `ohana_article` [ RunTime:0.003690s ]
SQL: SELECT * FROM `ohana_article` WHERE `cid` = 49 ORDER BY post_time DESC LIMIT 0,2   [ RunTime:0.001608s ]
SQL: SELECT count(id) as total_count FROM `ohana_article` WHERE `cid` = 49 LIMIT 1   [ RunTime:0.000177s ]
INFO: [ view_parse ] --START--
INFO: [ template_filter ] --START--
INFO: Run Behavior\ContentReplaceBehavior [ RunTime:0.000087s ]
INFO: [ template_filter ] --END-- [ RunTime:0.000148s ]
NOTIC: [8] Undefined index: children: G:\code\Test\ohana-php\Application\Runtime\Cache\Home\ff8d2e9a08e5b8bee21d40e9b5c7e8b2.php 第 88 行.
NOTIC: [8] Undefined index: children: G:\code\Test\ohana-php\Application\Runtime\Cache\Home\ff8d2e9a08e5b8bee21d40e9b5c7e8b2.php 第 88 行.
NOTIC: [8] Undefined index: children: G:\code\Test\ohana-php\Application\Runtime\Cache\Home\ff8d2e9a08e5b8bee21d40e9b5c7e8b2.php 第 88 行.
NOTIC: [8] Undefined index: children: G:\code\Test\ohana-php\Application\Runtime\Cache\Home\ff8d2e9a08e5b8bee21d40e9b5c7e8b2.php 第 88 行.
NOTIC: [8] Undefined index: children: G:\code\Test\ohana-php\Application\Runtime\Cache\Home\ff8d2e9a08e5b8bee21d40e9b5c7e8b2.php 第 88 行.
INFO: Run Behavior\ParseTemplateBehavior [ RunTime:0.019033s ]
INFO: [ view_parse ] --END-- [ RunTime:0.019089s ]
INFO: [ view_filter ] --START--
INFO: Run Behavior\WriteHtmlCacheBehavior [ RunTime:0.001128s ]
INFO: [ view_filter ] --END-- [ RunTime:0.001171s ]
INFO: [ app_end ] --START--
INFO: Run Behavior\ShowPageTraceBehavior [ RunTime:0.001520s ]
INFO: [ app_end ] --END-- [ RunTime:0.001572s ]

[ 2016-01-02T10:39:12+08:00 ] 127.0.0.1 /Test/ohana-php/home/article/list/49/custom_menu.xml
INFO: [ app_init ] --START--
INFO: Run Behavior\BuildLiteBehavior [ RunTime:0.000015s ]
INFO: [ app_init ] --END-- [ RunTime:0.000605s ]
NOTIC: [8] Use of undefined constant URL_ROUTER_ON - assumed 'URL_ROUTER_ON' G:\code\Test\ohana-php\Application\Home\Conf\config.php 第 6 行.
NOTIC: [8] Use of undefined constant URL_ROUTE_RULES - assumed 'URL_ROUTE_RULES' G:\code\Test\ohana-php\Application\Home\Conf\config.php 第 8 行.
INFO: [ app_begin ] --START--
INFO: Run Behavior\ReadHtmlCacheBehavior [ RunTime:0.001375s ]
INFO: [ app_begin ] --END-- [ RunTime:0.001426s ]
INFO: [ view_parse ] --START--
INFO: [ template_filter ] --START--
INFO: Run Behavior\ContentReplaceBehavior [ RunTime:0.000073s ]
INFO: [ template_filter ] --END-- [ RunTime:0.000122s ]
NOTIC: [8] Undefined variable: title G:\code\Test\ohana-php\Application\Runtime\Cache\Home\ff8d2e9a08e5b8bee21d40e9b5c7e8b2.php 第 5 行.
NOTIC: [8] Undefined variable: navigation G:\code\Test\ohana-php\Application\Runtime\Cache\Home\ff8d2e9a08e5b8bee21d40e9b5c7e8b2.php 第 24 行.
NOTIC: [8] Undefined variable: articleList G:\code\Test\ohana-php\Application\Runtime\Cache\Home\ff8d2e9a08e5b8bee21d40e9b5c7e8b2.php 第 34 行.
NOTIC: [8] Undefined variable: page G:\code\Test\ohana-php\Application\Runtime\Cache\Home\ff8d2e9a08e5b8bee21d40e9b5c7e8b2.php 第 48 行.
NOTIC: [8] Undefined variable: article G:\code\Test\ohana-php\Application\Runtime\Cache\Home\ff8d2e9a08e5b8bee21d40e9b5c7e8b2.php 第 51 行.
NOTIC: [8] Undefined variable: page G:\code\Test\ohana-php\Application\Runtime\Cache\Home\ff8d2e9a08e5b8bee21d40e9b5c7e8b2.php 第 51 行.
NOTIC: [8] Undefined variable: page G:\code\Test\ohana-php\Application\Runtime\Cache\Home\ff8d2e9a08e5b8bee21d40e9b5c7e8b2.php 第 53 行.
NOTIC: [8] Undefined variable: page G:\code\Test\ohana-php\Application\Runtime\Cache\Home\ff8d2e9a08e5b8bee21d40e9b5c7e8b2.php 第 60 行.
NOTIC: [8] Undefined variable: page G:\code\Test\ohana-php\Application\Runtime\Cache\Home\ff8d2e9a08e5b8bee21d40e9b5c7e8b2.php 第 60 行.
NOTIC: [8] Undefined variable: navigation G:\code\Test\ohana-php\Application\Runtime\Cache\Home\ff8d2e9a08e5b8bee21d40e9b5c7e8b2.php 第 85 行.
NOTIC: [8] Undefined variable: lastArticle G:\code\Test\ohana-php\Application\Runtime\Cache\Home\ff8d2e9a08e5b8bee21d40e9b5c7e8b2.php 第 97 行.
INFO: Run Behavior\ParseTemplateBehavior [ RunTime:0.015605s ]
INFO: [ view_parse ] --END-- [ RunTime:0.015657s ]
INFO: [ view_filter ] --START--
INFO: Run Behavior\WriteHtmlCacheBehavior [ RunTime:0.001618s ]
INFO: [ view_filter ] --END-- [ RunTime:0.001674s ]
INFO: [ app_end ] --START--
INFO: Run Behavior\ShowPageTraceBehavior [ RunTime:0.001502s ]
INFO: [ app_end ] --END-- [ RunTime:0.001578s ]

