[ 2016-04-18T10:30:56+08:00 ] 127.0.0.1 /Test/ohana-php/
INFO: [ app_init ] --START--
INFO: Run Behavior\BuildLiteBehavior [ RunTime:0.000025s ]
INFO: [ app_init ] --END-- [ RunTime:0.003014s ]
NOTIC: [8] Use of undefined constant URL_ROUTER_ON - assumed 'URL_ROUTER_ON' H:\code\Test\ohana-php\Application\Home\Conf\config.php 第 6 行.
NOTIC: [8] Use of undefined constant URL_ROUTE_RULES - assumed 'URL_ROUTE_RULES' H:\code\Test\ohana-php\Application\Home\Conf\config.php 第 8 行.
INFO: [ app_begin ] --START--
INFO: Run Behavior\ReadHtmlCacheBehavior [ RunTime:0.020458s ]
INFO: [ app_begin ] --END-- [ RunTime:0.020609s ]
SQL: SHOW COLUMNS FROM `ohana_site` [ RunTime:0.006489s ]
SQL: SELECT * FROM `ohana_site`  [ RunTime:0.000508s ]
SQL: SHOW COLUMNS FROM `ohana_category` [ RunTime:0.005037s ]
SQL: SELECT * FROM `ohana_category` ORDER BY  cre_time desc  [ RunTime:0.000906s ]
SQL: SHOW COLUMNS FROM `ohana_article` [ RunTime:0.005381s ]
SQL: SELECT * FROM `ohana_article` ORDER BY post_time DESC LIMIT 6   [ RunTime:0.000911s ]
INFO: [ view_parse ] --START--
INFO: [ template_filter ] --START--
INFO: Run Behavior\ContentReplaceBehavior [ RunTime:0.000198s ]
INFO: [ template_filter ] --END-- [ RunTime:0.000316s ]
NOTIC: [8] Undefined index: title H:\code\Test\ohana-php\Application\Runtime\Cache\Home\2a94b8bda04ff446dcedd42276fc99ee.php 第 111 行.
NOTIC: [8] Undefined index: title H:\code\Test\ohana-php\Application\Runtime\Cache\Home\2a94b8bda04ff446dcedd42276fc99ee.php 第 111 行.
NOTIC: [8] Undefined index: title H:\code\Test\ohana-php\Application\Runtime\Cache\Home\2a94b8bda04ff446dcedd42276fc99ee.php 第 111 行.
NOTIC: [8] Undefined index: title H:\code\Test\ohana-php\Application\Runtime\Cache\Home\2a94b8bda04ff446dcedd42276fc99ee.php 第 111 行.
NOTIC: [8] Undefined index: title H:\code\Test\ohana-php\Application\Runtime\Cache\Home\2a94b8bda04ff446dcedd42276fc99ee.php 第 111 行.
NOTIC: [8] Undefined index: title H:\code\Test\ohana-php\Application\Runtime\Cache\Home\2a94b8bda04ff446dcedd42276fc99ee.php 第 111 行.
NOTIC: [8] Undefined index: title H:\code\Test\ohana-php\Application\Runtime\Cache\Home\2a94b8bda04ff446dcedd42276fc99ee.php 第 111 行.
INFO: Run Behavior\ParseTemplateBehavior [ RunTime:0.203768s ]
INFO: [ view_parse ] --END-- [ RunTime:0.203898s ]
INFO: [ view_filter ] --START--
INFO: Run Behavior\WriteHtmlCacheBehavior [ RunTime:0.020628s ]
INFO: [ view_filter ] --END-- [ RunTime:0.020736s ]
INFO: [ app_end ] --START--
INFO: Run Behavior\ShowPageTraceBehavior [ RunTime:0.009978s ]
INFO: [ app_end ] --END-- [ RunTime:0.010115s ]

[ 2016-04-18T10:30:56+08:00 ] 127.0.0.1 /Test/ohana-php/custom_menu.xml
INFO: [ app_init ] --START--
INFO: Run Behavior\BuildLiteBehavior [ RunTime:0.000012s ]
INFO: [ app_init ] --END-- [ RunTime:0.000301s ]
NOTIC: [8] Use of undefined constant URL_ROUTER_ON - assumed 'URL_ROUTER_ON' H:\code\Test\ohana-php\Application\Home\Conf\config.php 第 6 行.
NOTIC: [8] Use of undefined constant URL_ROUTE_RULES - assumed 'URL_ROUTE_RULES' H:\code\Test\ohana-php\Application\Home\Conf\config.php 第 8 行.
INFO: [ app_begin ] --START--
INFO: Run Behavior\ReadHtmlCacheBehavior [ RunTime:0.000511s ]
INFO: [ app_begin ] --END-- [ RunTime:0.000561s ]
ERR: 无法加载控制器:Custom_menu.xml

