[ 2016-01-08T11:47:50+08:00 ] 127.0.0.1 /Test/ohana-php/
INFO: [ app_init ] --START--
INFO: Run Behavior\BuildLiteBehavior [ RunTime:0.000027s ]
INFO: [ app_init ] --END-- [ RunTime:0.000819s ]
NOTIC: [8] Use of undefined constant URL_ROUTER_ON - assumed 'URL_ROUTER_ON' G:\code\Test\ohana-php\Application\Home\Conf\config.php 第 6 行.
NOTIC: [8] Use of undefined constant URL_ROUTE_RULES - assumed 'URL_ROUTE_RULES' G:\code\Test\ohana-php\Application\Home\Conf\config.php 第 8 行.
INFO: [ app_begin ] --START--
INFO: Run Behavior\ReadHtmlCacheBehavior [ RunTime:0.008382s ]
INFO: [ app_begin ] --END-- [ RunTime:0.008456s ]
SQL: SHOW COLUMNS FROM `ohana_category` [ RunTime:0.033828s ]
SQL: SELECT * FROM `ohana_category` ORDER BY  cre_time desc  [ RunTime:0.001597s ]
SQL: SHOW COLUMNS FROM `ohana_article` [ RunTime:0.056102s ]
SQL: SELECT * FROM `ohana_article` ORDER BY post_time DESC LIMIT 6   [ RunTime:0.004827s ]
INFO: [ view_parse ] --START--
INFO: [ template_filter ] --START--
INFO: Run Behavior\ContentReplaceBehavior [ RunTime:0.000117s ]
INFO: [ template_filter ] --END-- [ RunTime:0.000195s ]
NOTIC: [8] Undefined index: children: G:\code\Test\ohana-php\Application\Runtime\Cache\Home\2a94b8bda04ff446dcedd42276fc99ee.php 第 111 行.
NOTIC: [8] Undefined index: children: G:\code\Test\ohana-php\Application\Runtime\Cache\Home\2a94b8bda04ff446dcedd42276fc99ee.php 第 111 行.
NOTIC: [8] Undefined index: children: G:\code\Test\ohana-php\Application\Runtime\Cache\Home\2a94b8bda04ff446dcedd42276fc99ee.php 第 111 行.
NOTIC: [8] Undefined index: children: G:\code\Test\ohana-php\Application\Runtime\Cache\Home\2a94b8bda04ff446dcedd42276fc99ee.php 第 111 行.
NOTIC: [8] Undefined index: children: G:\code\Test\ohana-php\Application\Runtime\Cache\Home\2a94b8bda04ff446dcedd42276fc99ee.php 第 111 行.
INFO: Run Behavior\ParseTemplateBehavior [ RunTime:0.104134s ]
INFO: [ view_parse ] --END-- [ RunTime:0.104245s ]
INFO: [ view_filter ] --START--
INFO: Run Behavior\WriteHtmlCacheBehavior [ RunTime:0.010332s ]
INFO: [ view_filter ] --END-- [ RunTime:0.010408s ]
INFO: [ app_end ] --START--
INFO: Run Behavior\ShowPageTraceBehavior [ RunTime:0.009873s ]
INFO: [ app_end ] --END-- [ RunTime:0.009998s ]

[ 2016-01-08T11:47:54+08:00 ] 127.0.0.1 /Test/ohana-php/home/article/list/49
INFO: [ app_init ] --START--
INFO: Run Behavior\BuildLiteBehavior [ RunTime:0.000017s ]
INFO: [ app_init ] --END-- [ RunTime:0.000472s ]
NOTIC: [8] Use of undefined constant URL_ROUTER_ON - assumed 'URL_ROUTER_ON' G:\code\Test\ohana-php\Application\Home\Conf\config.php 第 6 行.
NOTIC: [8] Use of undefined constant URL_ROUTE_RULES - assumed 'URL_ROUTE_RULES' G:\code\Test\ohana-php\Application\Home\Conf\config.php 第 8 行.
INFO: [ app_begin ] --START--
INFO: Run Behavior\ReadHtmlCacheBehavior [ RunTime:0.000734s ]
INFO: [ app_begin ] --END-- [ RunTime:0.000785s ]
SQL: SHOW COLUMNS FROM `ohana_category` [ RunTime:0.003022s ]
SQL: SELECT * FROM `ohana_category` ORDER BY  cre_time desc  [ RunTime:0.001134s ]
SQL: SHOW COLUMNS FROM `ohana_article` [ RunTime:0.003158s ]
SQL: SELECT * FROM `ohana_article` ORDER BY post_time DESC LIMIT 6   [ RunTime:0.001344s ]
SQL: SELECT * FROM `ohana_category` WHERE `id` = 49 LIMIT 1   [ RunTime:0.000366s ]
SQL: SHOW COLUMNS FROM `ohana_article` [ RunTime:0.002819s ]
SQL: SELECT * FROM `ohana_article` WHERE `cid` = 49 ORDER BY post_time DESC LIMIT 0,2   [ RunTime:0.001301s ]
SQL: SELECT count(id) as total_count FROM `ohana_article` WHERE `cid` = 49 LIMIT 1   [ RunTime:0.000262s ]
INFO: [ view_parse ] --START--
INFO: [ template_filter ] --START--
INFO: Run Behavior\ContentReplaceBehavior [ RunTime:0.000088s ]
INFO: [ template_filter ] --END-- [ RunTime:0.000146s ]
NOTIC: [8] Undefined index: children: G:\code\Test\ohana-php\Application\Runtime\Cache\Home\ff8d2e9a08e5b8bee21d40e9b5c7e8b2.php 第 88 行.
NOTIC: [8] Undefined index: children: G:\code\Test\ohana-php\Application\Runtime\Cache\Home\ff8d2e9a08e5b8bee21d40e9b5c7e8b2.php 第 88 行.
NOTIC: [8] Undefined index: children: G:\code\Test\ohana-php\Application\Runtime\Cache\Home\ff8d2e9a08e5b8bee21d40e9b5c7e8b2.php 第 88 行.
NOTIC: [8] Undefined index: children: G:\code\Test\ohana-php\Application\Runtime\Cache\Home\ff8d2e9a08e5b8bee21d40e9b5c7e8b2.php 第 88 行.
NOTIC: [8] Undefined index: children: G:\code\Test\ohana-php\Application\Runtime\Cache\Home\ff8d2e9a08e5b8bee21d40e9b5c7e8b2.php 第 88 行.
INFO: Run Behavior\ParseTemplateBehavior [ RunTime:0.026083s ]
INFO: [ view_parse ] --END-- [ RunTime:0.026139s ]
INFO: [ view_filter ] --START--
INFO: Run Behavior\WriteHtmlCacheBehavior [ RunTime:0.000475s ]
INFO: [ view_filter ] --END-- [ RunTime:0.000517s ]
INFO: [ app_end ] --START--
INFO: Run Behavior\ShowPageTraceBehavior [ RunTime:0.000768s ]
INFO: [ app_end ] --END-- [ RunTime:0.000812s ]

[ 2016-01-08T11:47:54+08:00 ] 127.0.0.1 /Test/ohana-php/home/article/list/custom_menu.xml
INFO: [ app_init ] --START--
INFO: Run Behavior\BuildLiteBehavior [ RunTime:0.000014s ]
INFO: [ app_init ] --END-- [ RunTime:0.000441s ]
NOTIC: [8] Use of undefined constant URL_ROUTER_ON - assumed 'URL_ROUTER_ON' G:\code\Test\ohana-php\Application\Home\Conf\config.php 第 6 行.
NOTIC: [8] Use of undefined constant URL_ROUTE_RULES - assumed 'URL_ROUTE_RULES' G:\code\Test\ohana-php\Application\Home\Conf\config.php 第 8 行.
INFO: [ app_begin ] --START--
INFO: Run Behavior\ReadHtmlCacheBehavior [ RunTime:0.000825s ]
INFO: [ app_begin ] --END-- [ RunTime:0.000869s ]
INFO: [ view_parse ] --START--
INFO: [ template_filter ] --START--
INFO: Run Behavior\ContentReplaceBehavior [ RunTime:0.000086s ]
INFO: [ template_filter ] --END-- [ RunTime:0.000159s ]
NOTIC: [8] Undefined variable: title G:\code\Test\ohana-php\Application\Runtime\Cache\Home\ff8d2e9a08e5b8bee21d40e9b5c7e8b2.php 第 5 行.
NOTIC: [8] Undefined variable: navigation G:\code\Test\ohana-php\Application\Runtime\Cache\Home\ff8d2e9a08e5b8bee21d40e9b5c7e8b2.php 第 24 行.
NOTIC: [8] Undefined variable: articleList G:\code\Test\ohana-php\Application\Runtime\Cache\Home\ff8d2e9a08e5b8bee21d40e9b5c7e8b2.php 第 34 行.
NOTIC: [8] Undefined variable: page G:\code\Test\ohana-php\Application\Runtime\Cache\Home\ff8d2e9a08e5b8bee21d40e9b5c7e8b2.php 第 48 行.
NOTIC: [8] Undefined variable: article G:\code\Test\ohana-php\Application\Runtime\Cache\Home\ff8d2e9a08e5b8bee21d40e9b5c7e8b2.php 第 51 行.
NOTIC: [8] Undefined variable: page G:\code\Test\ohana-php\Application\Runtime\Cache\Home\ff8d2e9a08e5b8bee21d40e9b5c7e8b2.php 第 51 行.
NOTIC: [8] Undefined variable: page G:\code\Test\ohana-php\Application\Runtime\Cache\Home\ff8d2e9a08e5b8bee21d40e9b5c7e8b2.php 第 53 行.
NOTIC: [8] Undefined variable: page G:\code\Test\ohana-php\Application\Runtime\Cache\Home\ff8d2e9a08e5b8bee21d40e9b5c7e8b2.php 第 60 行.
NOTIC: [8] Undefined variable: page G:\code\Test\ohana-php\Application\Runtime\Cache\Home\ff8d2e9a08e5b8bee21d40e9b5c7e8b2.php 第 60 行.
NOTIC: [8] Undefined variable: navigation G:\code\Test\ohana-php\Application\Runtime\Cache\Home\ff8d2e9a08e5b8bee21d40e9b5c7e8b2.php 第 85 行.
NOTIC: [8] Undefined variable: lastArticle G:\code\Test\ohana-php\Application\Runtime\Cache\Home\ff8d2e9a08e5b8bee21d40e9b5c7e8b2.php 第 97 行.
INFO: Run Behavior\ParseTemplateBehavior [ RunTime:0.012869s ]
INFO: [ view_parse ] --END-- [ RunTime:0.012918s ]
INFO: [ view_filter ] --START--
INFO: Run Behavior\WriteHtmlCacheBehavior [ RunTime:0.000588s ]
INFO: [ view_filter ] --END-- [ RunTime:0.000624s ]
INFO: [ app_end ] --START--
INFO: Run Behavior\ShowPageTraceBehavior [ RunTime:0.000758s ]
INFO: [ app_end ] --END-- [ RunTime:0.000794s ]

[ 2016-01-08T11:48:00+08:00 ] 127.0.0.1 /Test/ohana-php/index.php/Home/index/index.html
INFO: [ app_init ] --START--
INFO: Run Behavior\BuildLiteBehavior [ RunTime:0.000018s ]
INFO: [ app_init ] --END-- [ RunTime:0.000495s ]
NOTIC: [8] Use of undefined constant URL_ROUTER_ON - assumed 'URL_ROUTER_ON' G:\code\Test\ohana-php\Application\Home\Conf\config.php 第 6 行.
NOTIC: [8] Use of undefined constant URL_ROUTE_RULES - assumed 'URL_ROUTE_RULES' G:\code\Test\ohana-php\Application\Home\Conf\config.php 第 8 行.
INFO: [ app_begin ] --START--
INFO: Run Behavior\ReadHtmlCacheBehavior [ RunTime:0.000945s ]
INFO: [ app_begin ] --END-- [ RunTime:0.000995s ]
SQL: SHOW COLUMNS FROM `ohana_category` [ RunTime:0.002583s ]
SQL: SELECT * FROM `ohana_category` ORDER BY  cre_time desc  [ RunTime:0.001086s ]
SQL: SHOW COLUMNS FROM `ohana_article` [ RunTime:0.002704s ]
SQL: SELECT * FROM `ohana_article` ORDER BY post_time DESC LIMIT 6   [ RunTime:0.001436s ]
INFO: [ view_parse ] --START--
INFO: [ template_filter ] --START--
INFO: Run Behavior\ContentReplaceBehavior [ RunTime:0.000071s ]
INFO: [ template_filter ] --END-- [ RunTime:0.000117s ]
NOTIC: [8] Undefined index: children: G:\code\Test\ohana-php\Application\Runtime\Cache\Home\2a94b8bda04ff446dcedd42276fc99ee.php 第 111 行.
NOTIC: [8] Undefined index: children: G:\code\Test\ohana-php\Application\Runtime\Cache\Home\2a94b8bda04ff446dcedd42276fc99ee.php 第 111 行.
NOTIC: [8] Undefined index: children: G:\code\Test\ohana-php\Application\Runtime\Cache\Home\2a94b8bda04ff446dcedd42276fc99ee.php 第 111 行.
NOTIC: [8] Undefined index: children: G:\code\Test\ohana-php\Application\Runtime\Cache\Home\2a94b8bda04ff446dcedd42276fc99ee.php 第 111 行.
NOTIC: [8] Undefined index: children: G:\code\Test\ohana-php\Application\Runtime\Cache\Home\2a94b8bda04ff446dcedd42276fc99ee.php 第 111 行.
INFO: Run Behavior\ParseTemplateBehavior [ RunTime:0.011683s ]
INFO: [ view_parse ] --END-- [ RunTime:0.011738s ]
INFO: [ view_filter ] --START--
INFO: Run Behavior\WriteHtmlCacheBehavior [ RunTime:0.000539s ]
INFO: [ view_filter ] --END-- [ RunTime:0.000574s ]
INFO: [ app_end ] --START--
INFO: Run Behavior\ShowPageTraceBehavior [ RunTime:0.001009s ]
INFO: [ app_end ] --END-- [ RunTime:0.001080s ]

[ 2016-01-08T11:48:00+08:00 ] 127.0.0.1 /Test/ohana-php/index.php/Home/index/custom_menu.xml
INFO: [ app_init ] --START--
INFO: Run Behavior\BuildLiteBehavior [ RunTime:0.000014s ]
INFO: [ app_init ] --END-- [ RunTime:0.000423s ]
NOTIC: [8] Use of undefined constant URL_ROUTER_ON - assumed 'URL_ROUTER_ON' G:\code\Test\ohana-php\Application\Home\Conf\config.php 第 6 行.
NOTIC: [8] Use of undefined constant URL_ROUTE_RULES - assumed 'URL_ROUTE_RULES' G:\code\Test\ohana-php\Application\Home\Conf\config.php 第 8 行.
INFO: [ app_begin ] --START--
INFO: Run Behavior\ReadHtmlCacheBehavior [ RunTime:0.000837s ]
INFO: [ app_begin ] --END-- [ RunTime:0.000880s ]
ERR: 非法操作:custom_menu.xml

[ 2016-01-08T11:53:36+08:00 ] 127.0.0.1 /Test/ohana-php/home/article/list/49
INFO: [ app_init ] --START--
INFO: Run Behavior\BuildLiteBehavior [ RunTime:0.000015s ]
INFO: [ app_init ] --END-- [ RunTime:0.000441s ]
NOTIC: [8] Use of undefined constant URL_ROUTER_ON - assumed 'URL_ROUTER_ON' G:\code\Test\ohana-php\Application\Home\Conf\config.php 第 6 行.
NOTIC: [8] Use of undefined constant URL_ROUTE_RULES - assumed 'URL_ROUTE_RULES' G:\code\Test\ohana-php\Application\Home\Conf\config.php 第 8 行.
INFO: [ app_begin ] --START--
INFO: Run Behavior\ReadHtmlCacheBehavior [ RunTime:0.000805s ]
INFO: [ app_begin ] --END-- [ RunTime:0.000860s ]
SQL: SHOW COLUMNS FROM `ohana_category` [ RunTime:0.002642s ]
SQL: SELECT * FROM `ohana_category` ORDER BY  cre_time desc  [ RunTime:0.001145s ]
SQL: SHOW COLUMNS FROM `ohana_article` [ RunTime:0.003612s ]
SQL: SELECT * FROM `ohana_article` ORDER BY post_time DESC LIMIT 6   [ RunTime:0.001424s ]
SQL: SELECT * FROM `ohana_category` WHERE `id` = 49 LIMIT 1   [ RunTime:0.000149s ]
SQL: SHOW COLUMNS FROM `ohana_article` [ RunTime:0.002576s ]
SQL: SELECT * FROM `ohana_article` WHERE `cid` = 49 ORDER BY post_time DESC LIMIT 0,2   [ RunTime:0.001376s ]
SQL: SELECT count(id) as total_count FROM `ohana_article` WHERE `cid` = 49 LIMIT 1   [ RunTime:0.000161s ]
INFO: [ view_parse ] --START--
INFO: [ template_filter ] --START--
INFO: Run Behavior\ContentReplaceBehavior [ RunTime:0.000071s ]
INFO: [ template_filter ] --END-- [ RunTime:0.000118s ]
NOTIC: [8] Undefined index: children: G:\code\Test\ohana-php\Application\Runtime\Cache\Home\ff8d2e9a08e5b8bee21d40e9b5c7e8b2.php 第 88 行.
NOTIC: [8] Undefined index: children: G:\code\Test\ohana-php\Application\Runtime\Cache\Home\ff8d2e9a08e5b8bee21d40e9b5c7e8b2.php 第 88 行.
NOTIC: [8] Undefined index: children: G:\code\Test\ohana-php\Application\Runtime\Cache\Home\ff8d2e9a08e5b8bee21d40e9b5c7e8b2.php 第 88 行.
NOTIC: [8] Undefined index: children: G:\code\Test\ohana-php\Application\Runtime\Cache\Home\ff8d2e9a08e5b8bee21d40e9b5c7e8b2.php 第 88 行.
NOTIC: [8] Undefined index: children: G:\code\Test\ohana-php\Application\Runtime\Cache\Home\ff8d2e9a08e5b8bee21d40e9b5c7e8b2.php 第 88 行.
INFO: Run Behavior\ParseTemplateBehavior [ RunTime:0.013072s ]
INFO: [ view_parse ] --END-- [ RunTime:0.013118s ]
INFO: [ view_filter ] --START--
INFO: Run Behavior\WriteHtmlCacheBehavior [ RunTime:0.000455s ]
INFO: [ view_filter ] --END-- [ RunTime:0.000488s ]
INFO: [ app_end ] --START--
INFO: Run Behavior\ShowPageTraceBehavior [ RunTime:0.000617s ]
INFO: [ app_end ] --END-- [ RunTime:0.000653s ]

[ 2016-01-08T11:53:37+08:00 ] 127.0.0.1 /Test/ohana-php/home/article/list/custom_menu.xml
INFO: [ app_init ] --START--
INFO: Run Behavior\BuildLiteBehavior [ RunTime:0.000017s ]
INFO: [ app_init ] --END-- [ RunTime:0.000574s ]
NOTIC: [8] Use of undefined constant URL_ROUTER_ON - assumed 'URL_ROUTER_ON' G:\code\Test\ohana-php\Application\Home\Conf\config.php 第 6 行.
NOTIC: [8] Use of undefined constant URL_ROUTE_RULES - assumed 'URL_ROUTE_RULES' G:\code\Test\ohana-php\Application\Home\Conf\config.php 第 8 行.
INFO: [ app_begin ] --START--
INFO: Run Behavior\ReadHtmlCacheBehavior [ RunTime:0.000655s ]
INFO: [ app_begin ] --END-- [ RunTime:0.000700s ]
INFO: [ view_parse ] --START--
INFO: [ template_filter ] --START--
INFO: Run Behavior\ContentReplaceBehavior [ RunTime:0.000078s ]
INFO: [ template_filter ] --END-- [ RunTime:0.000138s ]
NOTIC: [8] Undefined variable: title G:\code\Test\ohana-php\Application\Runtime\Cache\Home\ff8d2e9a08e5b8bee21d40e9b5c7e8b2.php 第 5 行.
NOTIC: [8] Undefined variable: navigation G:\code\Test\ohana-php\Application\Runtime\Cache\Home\ff8d2e9a08e5b8bee21d40e9b5c7e8b2.php 第 24 行.
NOTIC: [8] Undefined variable: articleList G:\code\Test\ohana-php\Application\Runtime\Cache\Home\ff8d2e9a08e5b8bee21d40e9b5c7e8b2.php 第 34 行.
NOTIC: [8] Undefined variable: page G:\code\Test\ohana-php\Application\Runtime\Cache\Home\ff8d2e9a08e5b8bee21d40e9b5c7e8b2.php 第 48 行.
NOTIC: [8] Undefined variable: article G:\code\Test\ohana-php\Application\Runtime\Cache\Home\ff8d2e9a08e5b8bee21d40e9b5c7e8b2.php 第 51 行.
NOTIC: [8] Undefined variable: page G:\code\Test\ohana-php\Application\Runtime\Cache\Home\ff8d2e9a08e5b8bee21d40e9b5c7e8b2.php 第 51 行.
NOTIC: [8] Undefined variable: page G:\code\Test\ohana-php\Application\Runtime\Cache\Home\ff8d2e9a08e5b8bee21d40e9b5c7e8b2.php 第 53 行.
NOTIC: [8] Undefined variable: page G:\code\Test\ohana-php\Application\Runtime\Cache\Home\ff8d2e9a08e5b8bee21d40e9b5c7e8b2.php 第 60 行.
NOTIC: [8] Undefined variable: page G:\code\Test\ohana-php\Application\Runtime\Cache\Home\ff8d2e9a08e5b8bee21d40e9b5c7e8b2.php 第 60 行.
NOTIC: [8] Undefined variable: navigation G:\code\Test\ohana-php\Application\Runtime\Cache\Home\ff8d2e9a08e5b8bee21d40e9b5c7e8b2.php 第 85 行.
NOTIC: [8] Undefined variable: lastArticle G:\code\Test\ohana-php\Application\Runtime\Cache\Home\ff8d2e9a08e5b8bee21d40e9b5c7e8b2.php 第 97 行.
INFO: Run Behavior\ParseTemplateBehavior [ RunTime:0.013472s ]
INFO: [ view_parse ] --END-- [ RunTime:0.013519s ]
INFO: [ view_filter ] --START--
INFO: Run Behavior\WriteHtmlCacheBehavior [ RunTime:0.000444s ]
INFO: [ view_filter ] --END-- [ RunTime:0.000499s ]
INFO: [ app_end ] --START--
INFO: Run Behavior\ShowPageTraceBehavior [ RunTime:0.000724s ]
INFO: [ app_end ] --END-- [ RunTime:0.000763s ]

[ 2016-01-08T11:53:39+08:00 ] 127.0.0.1 /Test/ohana-php/home/article/24
INFO: [ app_init ] --START--
INFO: Run Behavior\BuildLiteBehavior [ RunTime:0.000016s ]
INFO: [ app_init ] --END-- [ RunTime:0.000507s ]
NOTIC: [8] Use of undefined constant URL_ROUTER_ON - assumed 'URL_ROUTER_ON' G:\code\Test\ohana-php\Application\Home\Conf\config.php 第 6 行.
NOTIC: [8] Use of undefined constant URL_ROUTE_RULES - assumed 'URL_ROUTE_RULES' G:\code\Test\ohana-php\Application\Home\Conf\config.php 第 8 行.
INFO: [ app_begin ] --START--
INFO: Run Behavior\ReadHtmlCacheBehavior [ RunTime:0.000705s ]
INFO: [ app_begin ] --END-- [ RunTime:0.000755s ]
SQL: SHOW COLUMNS FROM `ohana_category` [ RunTime:0.002809s ]
SQL: SELECT * FROM `ohana_category` ORDER BY  cre_time desc  [ RunTime:0.001028s ]
SQL: SHOW COLUMNS FROM `ohana_article` [ RunTime:0.002689s ]
SQL: SELECT * FROM `ohana_article` ORDER BY post_time DESC LIMIT 6   [ RunTime:0.001176s ]
SQL: SELECT * FROM `ohana_article` WHERE `id` = 24  [ RunTime:0.000293s ]
INFO: [ view_parse ] --START--
INFO: [ template_filter ] --START--
INFO: Run Behavior\ContentReplaceBehavior [ RunTime:0.000068s ]
INFO: [ template_filter ] --END-- [ RunTime:0.000117s ]
NOTIC: [8] Undefined index: children: G:\code\Test\ohana-php\Application\Runtime\Cache\Home\37d23b8de8b1006eeb4dee5f594561fd.php 第 77 行.
NOTIC: [8] Undefined index: children: G:\code\Test\ohana-php\Application\Runtime\Cache\Home\37d23b8de8b1006eeb4dee5f594561fd.php 第 77 行.
NOTIC: [8] Undefined index: children: G:\code\Test\ohana-php\Application\Runtime\Cache\Home\37d23b8de8b1006eeb4dee5f594561fd.php 第 77 行.
NOTIC: [8] Undefined index: children: G:\code\Test\ohana-php\Application\Runtime\Cache\Home\37d23b8de8b1006eeb4dee5f594561fd.php 第 77 行.
NOTIC: [8] Undefined index: children: G:\code\Test\ohana-php\Application\Runtime\Cache\Home\37d23b8de8b1006eeb4dee5f594561fd.php 第 77 行.
INFO: Run Behavior\ParseTemplateBehavior [ RunTime:0.054728s ]
INFO: [ view_parse ] --END-- [ RunTime:0.054775s ]
INFO: [ view_filter ] --START--
INFO: Run Behavior\WriteHtmlCacheBehavior [ RunTime:0.000403s ]
INFO: [ view_filter ] --END-- [ RunTime:0.000440s ]
INFO: [ app_end ] --START--
INFO: Run Behavior\ShowPageTraceBehavior [ RunTime:0.000699s ]
INFO: [ app_end ] --END-- [ RunTime:0.000745s ]

[ 2016-01-08T11:53:39+08:00 ] 127.0.0.1 /Test/ohana-php/home/article/custom_menu.xml
INFO: [ app_init ] --START--
INFO: Run Behavior\BuildLiteBehavior [ RunTime:0.000013s ]
INFO: [ app_init ] --END-- [ RunTime:0.000406s ]
NOTIC: [8] Use of undefined constant URL_ROUTER_ON - assumed 'URL_ROUTER_ON' G:\code\Test\ohana-php\Application\Home\Conf\config.php 第 6 行.
NOTIC: [8] Use of undefined constant URL_ROUTE_RULES - assumed 'URL_ROUTE_RULES' G:\code\Test\ohana-php\Application\Home\Conf\config.php 第 8 行.
INFO: [ app_begin ] --START--
INFO: Run Behavior\ReadHtmlCacheBehavior [ RunTime:0.000658s ]
INFO: [ app_begin ] --END-- [ RunTime:0.000703s ]
ERR: 非法操作:custom_menu.xml

[ 2016-01-08T11:53:43+08:00 ] 127.0.0.1 /Test/ohana-php/home/article/list/48
INFO: [ app_init ] --START--
INFO: Run Behavior\BuildLiteBehavior [ RunTime:0.000016s ]
INFO: [ app_init ] --END-- [ RunTime:0.000431s ]
NOTIC: [8] Use of undefined constant URL_ROUTER_ON - assumed 'URL_ROUTER_ON' G:\code\Test\ohana-php\Application\Home\Conf\config.php 第 6 行.
NOTIC: [8] Use of undefined constant URL_ROUTE_RULES - assumed 'URL_ROUTE_RULES' G:\code\Test\ohana-php\Application\Home\Conf\config.php 第 8 行.
INFO: [ app_begin ] --START--
INFO: Run Behavior\ReadHtmlCacheBehavior [ RunTime:0.000631s ]
INFO: [ app_begin ] --END-- [ RunTime:0.000676s ]
SQL: SHOW COLUMNS FROM `ohana_category` [ RunTime:0.003180s ]
SQL: SELECT * FROM `ohana_category` ORDER BY  cre_time desc  [ RunTime:0.001254s ]
SQL: SHOW COLUMNS FROM `ohana_article` [ RunTime:0.002602s ]
SQL: SELECT * FROM `ohana_article` ORDER BY post_time DESC LIMIT 6   [ RunTime:0.001185s ]
SQL: SELECT * FROM `ohana_category` WHERE `id` = 48 LIMIT 1   [ RunTime:0.000286s ]
SQL: SHOW COLUMNS FROM `ohana_article` [ RunTime:0.002681s ]
SQL: SELECT * FROM `ohana_article` WHERE `cid` = 48 ORDER BY post_time DESC LIMIT 0,2   [ RunTime:0.001407s ]
SQL: SELECT count(id) as total_count FROM `ohana_article` WHERE `cid` = 48 LIMIT 1   [ RunTime:0.000264s ]
INFO: [ view_parse ] --START--
INFO: [ template_filter ] --START--
INFO: Run Behavior\ContentReplaceBehavior [ RunTime:0.000122s ]
INFO: [ template_filter ] --END-- [ RunTime:0.000211s ]
NOTIC: [8] Undefined index: children: G:\code\Test\ohana-php\Application\Runtime\Cache\Home\ff8d2e9a08e5b8bee21d40e9b5c7e8b2.php 第 88 行.
NOTIC: [8] Undefined index: children: G:\code\Test\ohana-php\Application\Runtime\Cache\Home\ff8d2e9a08e5b8bee21d40e9b5c7e8b2.php 第 88 行.
NOTIC: [8] Undefined index: children: G:\code\Test\ohana-php\Application\Runtime\Cache\Home\ff8d2e9a08e5b8bee21d40e9b5c7e8b2.php 第 88 行.
NOTIC: [8] Undefined index: children: G:\code\Test\ohana-php\Application\Runtime\Cache\Home\ff8d2e9a08e5b8bee21d40e9b5c7e8b2.php 第 88 行.
NOTIC: [8] Undefined index: children: G:\code\Test\ohana-php\Application\Runtime\Cache\Home\ff8d2e9a08e5b8bee21d40e9b5c7e8b2.php 第 88 行.
INFO: Run Behavior\ParseTemplateBehavior [ RunTime:0.014056s ]
INFO: [ view_parse ] --END-- [ RunTime:0.014181s ]
INFO: [ view_filter ] --START--
INFO: Run Behavior\WriteHtmlCacheBehavior [ RunTime:0.000401s ]
INFO: [ view_filter ] --END-- [ RunTime:0.000447s ]
INFO: [ app_end ] --START--
INFO: Run Behavior\ShowPageTraceBehavior [ RunTime:0.000679s ]
INFO: [ app_end ] --END-- [ RunTime:0.000718s ]

[ 2016-01-08T11:53:43+08:00 ] 127.0.0.1 /Test/ohana-php/home/article/list/custom_menu.xml
INFO: [ app_init ] --START--
INFO: Run Behavior\BuildLiteBehavior [ RunTime:0.000014s ]
INFO: [ app_init ] --END-- [ RunTime:0.000418s ]
NOTIC: [8] Use of undefined constant URL_ROUTER_ON - assumed 'URL_ROUTER_ON' G:\code\Test\ohana-php\Application\Home\Conf\config.php 第 6 行.
NOTIC: [8] Use of undefined constant URL_ROUTE_RULES - assumed 'URL_ROUTE_RULES' G:\code\Test\ohana-php\Application\Home\Conf\config.php 第 8 行.
INFO: [ app_begin ] --START--
INFO: Run Behavior\ReadHtmlCacheBehavior [ RunTime:0.000645s ]
INFO: [ app_begin ] --END-- [ RunTime:0.000688s ]
INFO: [ view_parse ] --START--
INFO: [ template_filter ] --START--
INFO: Run Behavior\ContentReplaceBehavior [ RunTime:0.000102s ]
INFO: [ template_filter ] --END-- [ RunTime:0.000171s ]
NOTIC: [8] Undefined variable: title G:\code\Test\ohana-php\Application\Runtime\Cache\Home\ff8d2e9a08e5b8bee21d40e9b5c7e8b2.php 第 5 行.
NOTIC: [8] Undefined variable: navigation G:\code\Test\ohana-php\Application\Runtime\Cache\Home\ff8d2e9a08e5b8bee21d40e9b5c7e8b2.php 第 24 行.
NOTIC: [8] Undefined variable: articleList G:\code\Test\ohana-php\Application\Runtime\Cache\Home\ff8d2e9a08e5b8bee21d40e9b5c7e8b2.php 第 34 行.
NOTIC: [8] Undefined variable: page G:\code\Test\ohana-php\Application\Runtime\Cache\Home\ff8d2e9a08e5b8bee21d40e9b5c7e8b2.php 第 48 行.
NOTIC: [8] Undefined variable: article G:\code\Test\ohana-php\Application\Runtime\Cache\Home\ff8d2e9a08e5b8bee21d40e9b5c7e8b2.php 第 51 行.
NOTIC: [8] Undefined variable: page G:\code\Test\ohana-php\Application\Runtime\Cache\Home\ff8d2e9a08e5b8bee21d40e9b5c7e8b2.php 第 51 行.
NOTIC: [8] Undefined variable: page G:\code\Test\ohana-php\Application\Runtime\Cache\Home\ff8d2e9a08e5b8bee21d40e9b5c7e8b2.php 第 53 行.
NOTIC: [8] Undefined variable: page G:\code\Test\ohana-php\Application\Runtime\Cache\Home\ff8d2e9a08e5b8bee21d40e9b5c7e8b2.php 第 60 行.
NOTIC: [8] Undefined variable: page G:\code\Test\ohana-php\Application\Runtime\Cache\Home\ff8d2e9a08e5b8bee21d40e9b5c7e8b2.php 第 60 行.
NOTIC: [8] Undefined variable: navigation G:\code\Test\ohana-php\Application\Runtime\Cache\Home\ff8d2e9a08e5b8bee21d40e9b5c7e8b2.php 第 85 行.
NOTIC: [8] Undefined variable: lastArticle G:\code\Test\ohana-php\Application\Runtime\Cache\Home\ff8d2e9a08e5b8bee21d40e9b5c7e8b2.php 第 97 行.
INFO: Run Behavior\ParseTemplateBehavior [ RunTime:0.013623s ]
INFO: [ view_parse ] --END-- [ RunTime:0.013676s ]
INFO: [ view_filter ] --START--
INFO: Run Behavior\WriteHtmlCacheBehavior [ RunTime:0.000392s ]
INFO: [ view_filter ] --END-- [ RunTime:0.000427s ]
INFO: [ app_end ] --START--
INFO: Run Behavior\ShowPageTraceBehavior [ RunTime:0.000678s ]
INFO: [ app_end ] --END-- [ RunTime:0.000713s ]

[ 2016-01-08T11:53:44+08:00 ] 127.0.0.1 /Test/ohana-php/home/article/list/49
INFO: [ app_init ] --START--
INFO: Run Behavior\BuildLiteBehavior [ RunTime:0.000016s ]
INFO: [ app_init ] --END-- [ RunTime:0.000508s ]
NOTIC: [8] Use of undefined constant URL_ROUTER_ON - assumed 'URL_ROUTER_ON' G:\code\Test\ohana-php\Application\Home\Conf\config.php 第 6 行.
NOTIC: [8] Use of undefined constant URL_ROUTE_RULES - assumed 'URL_ROUTE_RULES' G:\code\Test\ohana-php\Application\Home\Conf\config.php 第 8 行.
INFO: [ app_begin ] --START--
INFO: Run Behavior\ReadHtmlCacheBehavior [ RunTime:0.000805s ]
INFO: [ app_begin ] --END-- [ RunTime:0.000862s ]
SQL: SHOW COLUMNS FROM `ohana_category` [ RunTime:0.003094s ]
SQL: SELECT * FROM `ohana_category` ORDER BY  cre_time desc  [ RunTime:0.001123s ]
SQL: SHOW COLUMNS FROM `ohana_article` [ RunTime:0.002871s ]
SQL: SELECT * FROM `ohana_article` ORDER BY post_time DESC LIMIT 6   [ RunTime:0.001252s ]
SQL: SELECT * FROM `ohana_category` WHERE `id` = 49 LIMIT 1   [ RunTime:0.000173s ]
SQL: SHOW COLUMNS FROM `ohana_article` [ RunTime:0.003149s ]
SQL: SELECT * FROM `ohana_article` WHERE `cid` = 49 ORDER BY post_time DESC LIMIT 0,2   [ RunTime:0.001073s ]
SQL: SELECT count(id) as total_count FROM `ohana_article` WHERE `cid` = 49 LIMIT 1   [ RunTime:0.000159s ]
INFO: [ view_parse ] --START--
INFO: [ template_filter ] --START--
INFO: Run Behavior\ContentReplaceBehavior [ RunTime:0.000100s ]
INFO: [ template_filter ] --END-- [ RunTime:0.000153s ]
NOTIC: [8] Undefined index: children: G:\code\Test\ohana-php\Application\Runtime\Cache\Home\ff8d2e9a08e5b8bee21d40e9b5c7e8b2.php 第 88 行.
NOTIC: [8] Undefined index: children: G:\code\Test\ohana-php\Application\Runtime\Cache\Home\ff8d2e9a08e5b8bee21d40e9b5c7e8b2.php 第 88 行.
NOTIC: [8] Undefined index: children: G:\code\Test\ohana-php\Application\Runtime\Cache\Home\ff8d2e9a08e5b8bee21d40e9b5c7e8b2.php 第 88 行.
NOTIC: [8] Undefined index: children: G:\code\Test\ohana-php\Application\Runtime\Cache\Home\ff8d2e9a08e5b8bee21d40e9b5c7e8b2.php 第 88 行.
NOTIC: [8] Undefined index: children: G:\code\Test\ohana-php\Application\Runtime\Cache\Home\ff8d2e9a08e5b8bee21d40e9b5c7e8b2.php 第 88 行.
INFO: Run Behavior\ParseTemplateBehavior [ RunTime:0.014287s ]
INFO: [ view_parse ] --END-- [ RunTime:0.014334s ]
INFO: [ view_filter ] --START--
INFO: Run Behavior\WriteHtmlCacheBehavior [ RunTime:0.000408s ]
INFO: [ view_filter ] --END-- [ RunTime:0.000443s ]
INFO: [ app_end ] --START--
INFO: Run Behavior\ShowPageTraceBehavior [ RunTime:0.000629s ]
INFO: [ app_end ] --END-- [ RunTime:0.000674s ]

[ 2016-01-08T11:53:45+08:00 ] 127.0.0.1 /Test/ohana-php/home/article/list/custom_menu.xml
INFO: [ app_init ] --START--
INFO: Run Behavior\BuildLiteBehavior [ RunTime:0.000019s ]
INFO: [ app_init ] --END-- [ RunTime:0.000601s ]
NOTIC: [8] Use of undefined constant URL_ROUTER_ON - assumed 'URL_ROUTER_ON' G:\code\Test\ohana-php\Application\Home\Conf\config.php 第 6 行.
NOTIC: [8] Use of undefined constant URL_ROUTE_RULES - assumed 'URL_ROUTE_RULES' G:\code\Test\ohana-php\Application\Home\Conf\config.php 第 8 行.
INFO: [ app_begin ] --START--
INFO: Run Behavior\ReadHtmlCacheBehavior [ RunTime:0.000855s ]
INFO: [ app_begin ] --END-- [ RunTime:0.000913s ]
INFO: [ view_parse ] --START--
INFO: [ template_filter ] --START--
INFO: Run Behavior\ContentReplaceBehavior [ RunTime:0.000092s ]
INFO: [ template_filter ] --END-- [ RunTime:0.000149s ]
NOTIC: [8] Undefined variable: title G:\code\Test\ohana-php\Application\Runtime\Cache\Home\ff8d2e9a08e5b8bee21d40e9b5c7e8b2.php 第 5 行.
NOTIC: [8] Undefined variable: navigation G:\code\Test\ohana-php\Application\Runtime\Cache\Home\ff8d2e9a08e5b8bee21d40e9b5c7e8b2.php 第 24 行.
NOTIC: [8] Undefined variable: articleList G:\code\Test\ohana-php\Application\Runtime\Cache\Home\ff8d2e9a08e5b8bee21d40e9b5c7e8b2.php 第 34 行.
NOTIC: [8] Undefined variable: page G:\code\Test\ohana-php\Application\Runtime\Cache\Home\ff8d2e9a08e5b8bee21d40e9b5c7e8b2.php 第 48 行.
NOTIC: [8] Undefined variable: article G:\code\Test\ohana-php\Application\Runtime\Cache\Home\ff8d2e9a08e5b8bee21d40e9b5c7e8b2.php 第 51 行.
NOTIC: [8] Undefined variable: page G:\code\Test\ohana-php\Application\Runtime\Cache\Home\ff8d2e9a08e5b8bee21d40e9b5c7e8b2.php 第 51 行.
NOTIC: [8] Undefined variable: page G:\code\Test\ohana-php\Application\Runtime\Cache\Home\ff8d2e9a08e5b8bee21d40e9b5c7e8b2.php 第 53 行.
NOTIC: [8] Undefined variable: page G:\code\Test\ohana-php\Application\Runtime\Cache\Home\ff8d2e9a08e5b8bee21d40e9b5c7e8b2.php 第 60 行.
NOTIC: [8] Undefined variable: page G:\code\Test\ohana-php\Application\Runtime\Cache\Home\ff8d2e9a08e5b8bee21d40e9b5c7e8b2.php 第 60 行.
NOTIC: [8] Undefined variable: navigation G:\code\Test\ohana-php\Application\Runtime\Cache\Home\ff8d2e9a08e5b8bee21d40e9b5c7e8b2.php 第 85 行.
NOTIC: [8] Undefined variable: lastArticle G:\code\Test\ohana-php\Application\Runtime\Cache\Home\ff8d2e9a08e5b8bee21d40e9b5c7e8b2.php 第 97 行.
INFO: Run Behavior\ParseTemplateBehavior [ RunTime:0.015599s ]
INFO: [ view_parse ] --END-- [ RunTime:0.015653s ]
INFO: [ view_filter ] --START--
INFO: Run Behavior\WriteHtmlCacheBehavior [ RunTime:0.000562s ]
INFO: [ view_filter ] --END-- [ RunTime:0.000611s ]
INFO: [ app_end ] --START--
INFO: Run Behavior\ShowPageTraceBehavior [ RunTime:0.000871s ]
INFO: [ app_end ] --END-- [ RunTime:0.000922s ]

